<?xml version="1.0" encoding="UTF-8"?>
<coverage generated="1770275431078" clover="3.2.0">
  <project timestamp="1770275431078" name="All files">
    <metrics statements="584" coveredstatements="517" conditionals="328" coveredconditionals="249" methods="82" coveredmethods="76" elements="994" coveredelements="842" complexity="0" loc="584" ncloc="584" packages="10" files="16" classes="16"/>
    <package name="src">
      <metrics statements="29" coveredstatements="22" conditionals="24" coveredconditionals="9" methods="1" coveredmethods="1"/>
      <file name="config.ts" path="/home/nail/Documents/Projects/TradeLab/Tradelab/backend/src/config.ts">
        <metrics statements="29" coveredstatements="22" conditionals="24" coveredconditionals="9" methods="1" coveredmethods="1"/>
        <line num="5" count="4" type="stmt"/>
        <line num="7" count="4" type="stmt"/>
        <line num="9" count="4" type="stmt"/>
        <line num="10" count="48" type="cond" truecount="2" falsecount="0"/>
        <line num="12" count="48" type="stmt"/>
        <line num="15" count="4" type="stmt"/>
        <line num="16" count="4" type="cond" truecount="1" falsecount="1"/>
        <line num="17" count="4" type="cond" truecount="1" falsecount="1"/>
        <line num="19" count="4" type="stmt"/>
        <line num="25" count="4" type="stmt"/>
        <line num="32" count="4" type="stmt"/>
        <line num="38" count="4" type="stmt"/>
        <line num="39" count="4" type="stmt"/>
        <line num="40" count="4" type="stmt"/>
        <line num="41" count="4" type="cond" truecount="2" falsecount="0"/>
        <line num="42" count="4" type="stmt"/>
        <line num="44" count="4" type="cond" truecount="1" falsecount="1"/>
        <line num="45" count="4" type="stmt"/>
        <line num="46" count="4" type="stmt"/>
        <line num="47" count="4" type="stmt"/>
        <line num="49" count="4" type="cond" truecount="1" falsecount="1"/>
        <line num="51" count="4" type="cond" truecount="1" falsecount="1"/>
        <line num="52" count="0" type="stmt"/>
        <line num="53" count="0" type="stmt"/>
        <line num="54" count="0" type="stmt"/>
        <line num="55" count="0" type="stmt"/>
        <line num="56" count="0" type="cond" truecount="0" falsecount="4"/>
        <line num="57" count="0" type="cond" truecount="0" falsecount="6"/>
        <line num="58" count="0" type="stmt"/>
      </file>
    </package>
    <package name="src.calc">
      <metrics statements="20" coveredstatements="20" conditionals="2" coveredconditionals="2" methods="5" coveredmethods="5"/>
      <file name="constants.ts" path="/home/nail/Documents/Projects/TradeLab/Tradelab/backend/src/calc/constants.ts">
        <metrics statements="7" coveredstatements="7" conditionals="0" coveredconditionals="0" methods="0" coveredmethods="0"/>
        <line num="1" count="7" type="stmt"/>
        <line num="2" count="7" type="stmt"/>
        <line num="4" count="7" type="stmt"/>
        <line num="7" count="7" type="stmt"/>
        <line num="13" count="7" type="stmt"/>
        <line num="21" count="7" type="stmt"/>
        <line num="22" count="7" type="stmt"/>
      </file>
      <file name="errors.ts" path="/home/nail/Documents/Projects/TradeLab/Tradelab/backend/src/calc/errors.ts">
        <metrics statements="13" coveredstatements="13" conditionals="2" coveredconditionals="2" methods="5" coveredmethods="5"/>
        <line num="8" count="1" type="stmt"/>
        <line num="9" count="1" type="stmt"/>
        <line num="10" count="1" type="stmt"/>
        <line num="11" count="1" type="stmt"/>
        <line num="17" count="4" type="stmt"/>
        <line num="18" count="4" type="stmt"/>
        <line num="24" count="1" type="stmt"/>
        <line num="25" count="1" type="stmt"/>
        <line num="33" count="2" type="stmt"/>
        <line num="34" count="2" type="stmt"/>
        <line num="35" count="2" type="cond" truecount="2" falsecount="0"/>
        <line num="41" count="1" type="stmt"/>
        <line num="42" count="1" type="stmt"/>
      </file>
    </package>
    <package name="src.calc.config">
      <metrics statements="46" coveredstatements="29" conditionals="29" coveredconditionals="9" methods="10" coveredmethods="7"/>
      <file name="DataCacheManager.ts" path="/home/nail/Documents/Projects/TradeLab/Tradelab/backend/src/calc/config/DataCacheManager.ts">
        <metrics statements="33" coveredstatements="18" conditionals="27" coveredconditionals="8" methods="6" coveredmethods="3"/>
        <line num="9" count="4" type="stmt"/>
        <line num="10" count="4" type="stmt"/>
        <line num="11" count="4" type="stmt"/>
        <line num="14" count="4" type="stmt"/>
        <line num="20" count="1" type="stmt"/>
        <line num="30" count="1" type="stmt"/>
        <line num="36" count="1" type="stmt"/>
        <line num="38" count="1" type="stmt"/>
        <line num="39" count="6" type="cond" truecount="2" falsecount="0"/>
        <line num="40" count="6" type="stmt"/>
        <line num="45" count="6" type="cond" truecount="1" falsecount="1"/>
        <line num="46" count="0" type="stmt"/>
        <line num="47" count="0" type="stmt"/>
        <line num="49" count="0" type="cond" truecount="0" falsecount="2"/>
        <line num="50" count="0" type="stmt"/>
        <line num="52" count="0" type="stmt"/>
        <line num="55" count="6" type="cond" truecount="1" falsecount="1"/>
        <line num="58" count="1" type="cond" truecount="1" falsecount="1"/>
        <line num="59" count="0" type="stmt"/>
        <line num="62" count="1" type="stmt"/>
        <line num="63" count="1" type="stmt"/>
        <line num="67" count="2" type="cond" truecount="2" falsecount="0"/>
        <line num="69" count="2" type="stmt"/>
        <line num="70" count="0" type="stmt"/>
        <line num="71" count="0" type="cond" truecount="0" falsecount="5"/>
        <line num="72" count="0" type="cond" truecount="0" falsecount="2"/>
        <line num="73" count="0" type="cond" truecount="0" falsecount="2"/>
        <line num="74" count="0" type="stmt"/>
        <line num="77" count="0" type="stmt"/>
        <line num="83" count="0" type="stmt"/>
        <line num="87" count="0" type="cond" truecount="0" falsecount="4"/>
        <line num="88" count="0" type="stmt"/>
        <line num="94" count="2" type="stmt"/>
      </file>
      <file name="loadConfig.ts" path="/home/nail/Documents/Projects/TradeLab/Tradelab/backend/src/calc/config/loadConfig.ts">
        <metrics statements="13" coveredstatements="11" conditionals="2" coveredconditionals="1" methods="4" coveredmethods="4"/>
        <line num="6" count="9" type="stmt"/>
        <line num="7" count="9" type="stmt"/>
        <line num="10" count="9" type="stmt"/>
        <line num="26" count="38" type="stmt"/>
        <line num="28" count="38" type="cond" truecount="1" falsecount="1"/>
        <line num="29" count="0" type="stmt"/>
        <line num="32" count="38" type="stmt"/>
        <line num="33" count="38" type="stmt"/>
        <line num="34" count="38" type="stmt"/>
        <line num="36" count="0" type="stmt"/>
        <line num="41" count="19" type="stmt"/>
        <line num="45" count="14" type="stmt"/>
        <line num="49" count="5" type="stmt"/>
      </file>
    </package>
    <package name="src.calc.currency">
      <metrics statements="44" coveredstatements="39" conditionals="24" coveredconditionals="17" methods="9" coveredmethods="8"/>
      <file name="CurrencyConverter.ts" path="/home/nail/Documents/Projects/TradeLab/Tradelab/backend/src/calc/currency/CurrencyConverter.ts">
        <metrics statements="18" coveredstatements="15" conditionals="14" coveredconditionals="8" methods="3" coveredmethods="3"/>
        <line num="4" count="44" type="stmt"/>
        <line num="7" count="121" type="stmt"/>
        <line num="12" count="37" type="cond" truecount="2" falsecount="0"/>
        <line num="14" count="5" type="cond" truecount="2" falsecount="0"/>
        <line num="15" count="3" type="stmt"/>
        <line num="16" count="3" type="cond" truecount="1" falsecount="1"/>
        <line num="17" count="3" type="stmt"/>
        <line num="20" count="2" type="cond" truecount="1" falsecount="1"/>
        <line num="21" count="0" type="stmt"/>
        <line num="22" count="0" type="cond" truecount="0" falsecount="2"/>
        <line num="23" count="0" type="stmt"/>
        <line num="27" count="2" type="stmt"/>
        <line num="28" count="2" type="stmt"/>
        <line num="30" count="2" type="cond" truecount="1" falsecount="1"/>
        <line num="31" count="2" type="cond" truecount="1" falsecount="1"/>
        <line num="33" count="2" type="stmt"/>
        <line num="34" count="2" type="stmt"/>
        <line num="39" count="37" type="stmt"/>
      </file>
      <file name="CurrencyProvider.ts" path="/home/nail/Documents/Projects/TradeLab/Tradelab/backend/src/calc/currency/CurrencyProvider.ts">
        <metrics statements="26" coveredstatements="24" conditionals="10" coveredconditionals="9" methods="6" coveredmethods="5"/>
        <line num="11" count="14" type="stmt"/>
        <line num="12" count="14" type="stmt"/>
        <line num="13" count="14" type="stmt"/>
        <line num="16" count="14" type="stmt"/>
        <line num="17" count="14" type="stmt"/>
        <line num="22" count="14" type="stmt"/>
        <line num="27" count="10" type="stmt"/>
        <line num="33" count="10" type="cond" truecount="2" falsecount="0"/>
        <line num="34" count="1" type="stmt"/>
        <line num="37" count="9" type="cond" truecount="4" falsecount="0"/>
        <line num="38" count="1" type="stmt"/>
        <line num="41" count="8" type="stmt"/>
        <line num="42" count="8" type="stmt"/>
        <line num="43" count="36" type="stmt"/>
        <line num="46" count="8" type="stmt"/>
        <line num="47" count="8" type="stmt"/>
        <line num="48" count="8" type="stmt"/>
        <line num="52" count="2" type="cond" truecount="2" falsecount="0"/>
        <line num="53" count="1" type="stmt"/>
        <line num="58" count="1" type="cond" truecount="1" falsecount="1"/>
        <line num="59" count="1" type="stmt"/>
        <line num="64" count="1" type="stmt"/>
        <line num="65" count="1" type="stmt"/>
        <line num="69" count="0" type="stmt"/>
        <line num="70" count="0" type="stmt"/>
        <line num="75" count="3" type="stmt"/>
      </file>
    </package>
    <package name="src.calc.customs">
      <metrics statements="59" coveredstatements="52" conditionals="22" coveredconditionals="19" methods="7" coveredmethods="7"/>
      <file name="CustomsValueCalculator.ts" path="/home/nail/Documents/Projects/TradeLab/Tradelab/backend/src/calc/customs/CustomsValueCalculator.ts">
        <metrics statements="59" coveredstatements="52" conditionals="22" coveredconditionals="19" methods="7" coveredmethods="7"/>
        <line num="7" count="3" type="stmt"/>
        <line num="8" count="3" type="stmt"/>
        <line num="23" count="19" type="stmt"/>
        <line num="31" count="22" type="stmt"/>
        <line num="32" count="22" type="stmt"/>
        <line num="34" count="22" type="stmt"/>
        <line num="49" count="22" type="cond" truecount="5" falsecount="1"/>
        <line num="51" count="11" type="stmt"/>
        <line num="55" count="5" type="stmt"/>
        <line num="58" count="3" type="stmt"/>
        <line num="61" count="3" type="stmt"/>
        <line num="64" count="0" type="stmt"/>
        <line num="69" count="22" type="stmt"/>
        <line num="70" count="22" type="stmt"/>
        <line num="77" count="11" type="stmt"/>
        <line num="78" count="11" type="stmt"/>
        <line num="87" count="5" type="stmt"/>
        <line num="88" count="5" type="stmt"/>
        <line num="91" count="5" type="cond" truecount="2" falsecount="0"/>
        <line num="92" count="4" type="stmt"/>
        <line num="93" count="4" type="stmt"/>
        <line num="94" count="4" type="stmt"/>
        <line num="95" count="4" type="stmt"/>
        <line num="97" count="1" type="stmt"/>
        <line num="101" count="5" type="cond" truecount="2" falsecount="0"/>
        <line num="102" count="1" type="stmt"/>
        <line num="104" count="4" type="stmt"/>
        <line num="105" count="4" type="stmt"/>
        <line num="106" count="4" type="stmt"/>
        <line num="107" count="4" type="stmt"/>
        <line num="108" count="4" type="stmt"/>
        <line num="113" count="5" type="stmt"/>
        <line num="114" count="5" type="stmt"/>
        <line num="116" count="5" type="stmt"/>
        <line num="125" count="3" type="stmt"/>
        <line num="126" count="3" type="stmt"/>
        <line num="129" count="3" type="cond" truecount="2" falsecount="0"/>
        <line num="130" count="1" type="stmt"/>
        <line num="131" count="1" type="stmt"/>
        <line num="132" count="1" type="stmt"/>
        <line num="133" count="2" type="cond" truecount="2" falsecount="0"/>
        <line num="135" count="1" type="stmt"/>
        <line num="138" count="1" type="cond" truecount="1" falsecount="1"/>
        <line num="139" count="0" type="stmt"/>
        <line num="140" count="0" type="stmt"/>
        <line num="141" count="0" type="stmt"/>
        <line num="142" count="0" type="stmt"/>
        <line num="143" count="0" type="stmt"/>
        <line num="145" count="1" type="stmt"/>
        <line num="146" count="1" type="stmt"/>
        <line num="151" count="3" type="cond" truecount="1" falsecount="1"/>
        <line num="152" count="0" type="stmt"/>
        <line num="154" count="3" type="stmt"/>
        <line num="155" count="3" type="stmt"/>
        <line num="156" count="3" type="stmt"/>
        <line num="157" count="3" type="stmt"/>
        <line num="158" count="3" type="stmt"/>
        <line num="163" count="3" type="stmt"/>
        <line num="164" count="3" type="stmt"/>
      </file>
    </package>
    <package name="src.calc.duty">
      <metrics statements="160" coveredstatements="151" conditionals="87" coveredconditionals="79" methods="20" coveredmethods="20"/>
      <file name="DutyVatCalculator.ts" path="/home/nail/Documents/Projects/TradeLab/Tradelab/backend/src/calc/duty/DutyVatCalculator.ts">
        <metrics statements="101" coveredstatements="96" conditionals="43" coveredconditionals="40" methods="8" coveredmethods="8"/>
        <line num="33" count="21" type="stmt"/>
        <line num="34" count="21" type="stmt"/>
        <line num="35" count="21" type="stmt"/>
        <line num="43" count="21" type="stmt"/>
        <line num="64" count="21" type="cond" truecount="2" falsecount="0"/>
        <line num="65" count="21" type="cond" truecount="4" falsecount="0"/>
        <line num="66" count="4" type="stmt"/>
        <line num="67" count="4" type="stmt"/>
        <line num="70" count="21" type="cond" truecount="2" falsecount="0"/>
        <line num="71" count="1" type="stmt"/>
        <line num="72" count="1" type="stmt"/>
        <line num="76" count="21" type="stmt"/>
        <line num="77" count="21" type="stmt"/>
        <line num="78" count="21" type="stmt"/>
        <line num="79" count="21" type="stmt"/>
        <line num="81" count="21" type="stmt"/>
        <line num="82" count="20" type="stmt"/>
        <line num="83" count="20" type="stmt"/>
        <line num="85" count="18" type="cond" truecount="1" falsecount="1"/>
        <line num="86" count="0" type="stmt"/>
        <line num="87" count="0" type="stmt"/>
        <line num="88" count="0" type="stmt"/>
        <line num="91" count="18" type="stmt"/>
        <line num="97" count="18" type="stmt"/>
        <line num="104" count="18" type="cond" truecount="2" falsecount="0"/>
        <line num="105" count="14" type="stmt"/>
        <line num="106" count="3" type="cond" truecount="2" falsecount="0"/>
        <line num="107" count="1" type="stmt"/>
        <line num="114" count="17" type="stmt"/>
        <line num="115" count="17" type="stmt"/>
        <line num="116" count="17" type="stmt"/>
        <line num="118" count="17" type="cond" truecount="2" falsecount="0"/>
        <line num="119" count="1" type="stmt"/>
        <line num="122" count="17" type="stmt"/>
        <line num="128" count="17" type="cond" truecount="2" falsecount="0"/>
        <line num="129" count="16" type="stmt"/>
        <line num="133" count="3" type="cond" truecount="2" falsecount="0"/>
        <line num="134" count="1" type="stmt"/>
        <line num="135" count="1" type="stmt"/>
        <line num="137" count="2" type="stmt"/>
        <line num="138" count="2" type="stmt"/>
        <line num="143" count="21" type="cond" truecount="2" falsecount="0"/>
        <line num="144" count="5" type="cond" truecount="2" falsecount="0"/>
        <line num="145" count="3" type="stmt"/>
        <line num="146" count="3" type="stmt"/>
        <line num="148" count="5" type="stmt"/>
        <line num="151" count="16" type="stmt"/>
        <line num="152" count="16" type="stmt"/>
        <line num="155" count="16" type="stmt"/>
        <line num="162" count="16" type="stmt"/>
        <line num="163" count="16" type="stmt"/>
        <line num="164" count="16" type="stmt"/>
        <line num="166" count="16" type="cond" truecount="2" falsecount="0"/>
        <line num="167" count="1" type="stmt"/>
        <line num="168" count="1" type="stmt"/>
        <line num="172" count="16" type="stmt"/>
        <line num="178" count="16" type="stmt"/>
        <line num="180" count="16" type="stmt"/>
        <line num="188" count="22" type="stmt"/>
        <line num="190" count="22" type="cond" truecount="4" falsecount="1"/>
        <line num="192" count="16" type="stmt"/>
        <line num="193" count="16" type="stmt"/>
        <line num="194" count="16" type="stmt"/>
        <line num="199" count="4" type="cond" truecount="2" falsecount="0"/>
        <line num="200" count="1" type="stmt"/>
        <line num="203" count="3" type="cond" truecount="3" falsecount="1"/>
        <line num="204" count="0" type="stmt"/>
        <line num="207" count="3" type="stmt"/>
        <line num="208" count="3" type="stmt"/>
        <line num="209" count="3" type="stmt"/>
        <line num="213" count="1" type="stmt"/>
        <line num="218" count="1" type="stmt"/>
        <line num="223" count="1" type="stmt"/>
        <line num="230" count="1" type="stmt"/>
        <line num="231" count="2" type="stmt"/>
        <line num="233" count="2" type="stmt"/>
        <line num="234" count="2" type="stmt"/>
        <line num="235" count="1" type="stmt"/>
        <line num="239" count="0" type="stmt"/>
        <line num="259" count="16" type="stmt"/>
        <line num="271" count="16" type="cond" truecount="2" falsecount="0"/>
        <line num="272" count="1" type="stmt"/>
        <line num="273" count="1" type="stmt"/>
        <line num="274" count="1" type="stmt"/>
        <line num="275" count="1" type="stmt"/>
        <line num="279" count="15" type="stmt"/>
        <line num="280" count="15" type="stmt"/>
        <line num="281" count="14" type="cond" truecount="2" falsecount="0"/>
        <line num="284" count="15" type="cond" truecount="2" falsecount="0"/>
        <line num="285" count="1" type="stmt"/>
        <line num="286" count="1" type="stmt"/>
        <line num="287" count="1" type="stmt"/>
        <line num="290" count="14" type="stmt"/>
        <line num="291" count="14" type="stmt"/>
        <line num="294" count="14" type="stmt"/>
        <line num="295" count="14" type="stmt"/>
        <line num="297" count="14" type="stmt"/>
        <line num="298" count="14" type="stmt"/>
        <line num="299" count="14" type="stmt"/>
        <line num="300" count="14" type="stmt"/>
        <line num="306" count="14" type="stmt"/>
      </file>
      <file name="TariffLexer.ts" path="/home/nail/Documents/Projects/TradeLab/Tradelab/backend/src/calc/duty/TariffLexer.ts">
        <metrics statements="34" coveredstatements="33" conditionals="14" coveredconditionals="12" methods="5" coveredmethods="5"/>
        <line num="8" count="5" type="stmt"/>
        <line num="12" count="11" type="stmt"/>
        <line num="17" count="11" type="stmt"/>
        <line num="18" count="11" type="stmt"/>
        <line num="20" count="11" type="stmt"/>
        <line num="21" count="28" type="stmt"/>
        <line num="24" count="28" type="stmt"/>
        <line num="25" count="28" type="cond" truecount="2" falsecount="0"/>
        <line num="26" count="10" type="stmt"/>
        <line num="27" count="10" type="stmt"/>
        <line num="28" count="10" type="stmt"/>
        <line num="33" count="18" type="stmt"/>
        <line num="35" count="126" type="stmt"/>
        <line num="38" count="18" type="stmt"/>
        <line num="39" count="18" type="cond" truecount="2" falsecount="0"/>
        <line num="40" count="5" type="stmt"/>
        <line num="46" count="5" type="stmt"/>
        <line num="47" count="5" type="stmt"/>
        <line num="51" count="13" type="stmt"/>
        <line num="52" count="13" type="stmt"/>
        <line num="53" count="35" type="stmt"/>
        <line num="54" count="35" type="cond" truecount="2" falsecount="0"/>
        <line num="55" count="4" type="stmt"/>
        <line num="60" count="4" type="stmt"/>
        <line num="61" count="4" type="stmt"/>
        <line num="62" count="4" type="stmt"/>
        <line num="65" count="13" type="cond" truecount="2" falsecount="0"/>
        <line num="68" count="9" type="cond" truecount="1" falsecount="1"/>
        <line num="69" count="9" type="stmt"/>
        <line num="70" count="9" type="stmt"/>
        <line num="75" count="0" type="stmt"/>
        <line num="78" count="11" type="stmt"/>
        <line num="82" count="10" type="stmt"/>
        <line num="83" count="5" type="cond" truecount="1" falsecount="1"/>
      </file>
      <file name="TariffParser.ts" path="/home/nail/Documents/Projects/TradeLab/Tradelab/backend/src/calc/duty/TariffParser.ts">
        <metrics statements="25" coveredstatements="22" conditionals="30" coveredconditionals="27" methods="7" coveredmethods="7"/>
        <line num="9" count="5" type="stmt"/>
        <line num="13" count="11" type="stmt"/>
        <line num="15" count="11" type="cond" truecount="1" falsecount="1"/>
        <line num="16" count="0" type="stmt"/>
        <line num="20" count="18" type="cond" truecount="2" falsecount="0"/>
        <line num="21" count="11" type="cond" truecount="2" falsecount="0"/>
        <line num="22" count="1" type="stmt"/>
        <line num="25" count="10" type="stmt"/>
        <line num="29" count="16" type="stmt"/>
        <line num="30" count="16" type="stmt"/>
        <line num="31" count="16" type="stmt"/>
        <line num="34" count="10" type="cond" truecount="1" falsecount="1"/>
        <line num="35" count="0" type="stmt"/>
        <line num="38" count="10" type="stmt"/>
        <line num="41" count="10" type="cond" truecount="4" falsecount="0"/>
        <line num="42" count="1" type="stmt"/>
        <line num="46" count="9" type="cond" truecount="5" falsecount="0"/>
        <line num="47" count="1" type="stmt"/>
        <line num="62" count="8" type="cond" truecount="5" falsecount="0"/>
        <line num="63" count="1" type="stmt"/>
        <line num="76" count="7" type="cond" truecount="4" falsecount="0"/>
        <line num="77" count="5" type="stmt"/>
        <line num="81" count="2" type="cond" truecount="3" falsecount="1"/>
        <line num="82" count="2" type="stmt"/>
        <line num="90" count="0" type="stmt"/>
      </file>
    </package>
    <package name="src.calc.hs">
      <metrics statements="43" coveredstatements="32" conditionals="28" coveredconditionals="17" methods="6" coveredmethods="5"/>
      <file name="HSClient.ts" path="/home/nail/Documents/Projects/TradeLab/Tradelab/backend/src/calc/hs/HSClient.ts">
        <metrics statements="43" coveredstatements="32" conditionals="28" coveredconditionals="17" methods="6" coveredmethods="5"/>
        <line num="6" count="4" type="stmt"/>
        <line num="7" count="4" type="stmt"/>
        <line num="9" count="4" type="stmt"/>
        <line num="18" count="4" type="cond" truecount="2" falsecount="0"/>
        <line num="19" count="4" type="stmt"/>
        <line num="23" count="3" type="cond" truecount="1" falsecount="1"/>
        <line num="24" count="0" type="cond" truecount="0" falsecount="2"/>
        <line num="27" count="0" type="stmt"/>
        <line num="28" count="0" type="stmt"/>
        <line num="29" count="0" type="stmt"/>
        <line num="30" count="0" type="stmt"/>
        <line num="32" count="0" type="stmt"/>
        <line num="33" count="0" type="stmt"/>
        <line num="35" count="3" type="stmt"/>
        <line num="39" count="2" type="stmt"/>
        <line num="40" count="2" type="stmt"/>
        <line num="41" count="2" type="cond" truecount="1" falsecount="1"/>
        <line num="42" count="0" type="stmt"/>
        <line num="47" count="2" type="stmt"/>
        <line num="48" count="2" type="stmt"/>
        <line num="53" count="3" type="stmt"/>
        <line num="54" count="3" type="cond" truecount="2" falsecount="2"/>
        <line num="55" count="0" type="stmt"/>
        <line num="59" count="3" type="cond" truecount="1" falsecount="1"/>
        <line num="60" count="0" type="stmt"/>
        <line num="63" count="3" type="stmt"/>
        <line num="65" count="3" type="stmt"/>
        <line num="66" count="3" type="stmt"/>
        <line num="68" count="3" type="stmt"/>
        <line num="71" count="3" type="stmt"/>
        <line num="73" count="3" type="cond" truecount="2" falsecount="0"/>
        <line num="74" count="1" type="stmt"/>
        <line num="75" count="1" type="stmt"/>
        <line num="78" count="2" type="stmt"/>
        <line num="79" count="2" type="cond" truecount="1" falsecount="1"/>
        <line num="81" count="3" type="stmt"/>
        <line num="89" count="3" type="stmt"/>
        <line num="90" count="3" type="stmt"/>
        <line num="92" count="3" type="stmt"/>
        <line num="94" count="1" type="stmt"/>
        <line num="95" count="1" type="cond" truecount="1" falsecount="1"/>
        <line num="96" count="0" type="stmt"/>
        <line num="98" count="1" type="stmt"/>
      </file>
    </package>
    <package name="src.calc.logistics">
      <metrics statements="76" coveredstatements="66" conditionals="40" coveredconditionals="30" methods="10" coveredmethods="10"/>
      <file name="LogisticsCalculator.ts" path="/home/nail/Documents/Projects/TradeLab/Tradelab/backend/src/calc/logistics/LogisticsCalculator.ts">
        <metrics statements="76" coveredstatements="66" conditionals="40" coveredconditionals="30" methods="10" coveredmethods="10"/>
        <line num="53" count="14" type="stmt"/>
        <line num="57" count="28" type="cond" truecount="2" falsecount="0"/>
        <line num="58" count="4" type="cond" truecount="2" falsecount="0"/>
        <line num="66" count="14" type="stmt"/>
        <line num="77" count="14" type="stmt"/>
        <line num="78" count="14" type="stmt"/>
        <line num="79" count="14" type="cond" truecount="2" falsecount="0"/>
        <line num="82" count="14" type="stmt"/>
        <line num="90" count="14" type="cond" truecount="2" falsecount="0"/>
        <line num="91" count="2" type="stmt"/>
        <line num="92" count="2" type="stmt"/>
        <line num="93" count="2" type="stmt"/>
        <line num="96" count="12" type="cond" truecount="2" falsecount="0"/>
        <line num="97" count="1" type="stmt"/>
        <line num="98" count="1" type="stmt"/>
        <line num="110" count="12" type="stmt"/>
        <line num="112" count="12" type="stmt"/>
        <line num="113" count="13" type="stmt"/>
        <line num="114" count="13" type="stmt"/>
        <line num="119" count="13" type="cond" truecount="1" falsecount="1"/>
        <line num="120" count="0" type="stmt"/>
        <line num="121" count="0" type="stmt"/>
        <line num="124" count="13" type="stmt"/>
        <line num="126" count="13" type="cond" truecount="4" falsecount="0"/>
        <line num="127" count="2" type="stmt"/>
        <line num="128" count="2" type="stmt"/>
        <line num="132" count="11" type="stmt"/>
        <line num="135" count="11" type="stmt"/>
        <line num="140" count="11" type="stmt"/>
        <line num="147" count="11" type="stmt"/>
        <line num="152" count="11" type="cond" truecount="2" falsecount="0"/>
        <line num="156" count="13" type="cond" truecount="2" falsecount="0"/>
        <line num="157" count="10" type="stmt"/>
        <line num="160" count="11" type="stmt"/>
        <line num="161" count="11" type="stmt"/>
        <line num="162" count="11" type="stmt"/>
        <line num="163" count="11" type="stmt"/>
        <line num="165" count="11" type="stmt"/>
        <line num="175" count="11" type="stmt"/>
        <line num="182" count="0" type="stmt"/>
        <line num="183" count="0" type="stmt"/>
        <line num="187" count="12" type="cond" truecount="2" falsecount="0"/>
        <line num="188" count="2" type="cond" truecount="1" falsecount="1"/>
        <line num="189" count="0" type="stmt"/>
        <line num="190" count="0" type="stmt"/>
        <line num="192" count="2" type="stmt"/>
        <line num="196" count="11" type="stmt"/>
        <line num="197" count="11" type="stmt"/>
        <line num="198" count="11" type="stmt"/>
        <line num="199" count="11" type="stmt"/>
        <line num="201" count="10" type="stmt"/>
        <line num="202" count="10" type="stmt"/>
        <line num="205" count="10" type="stmt"/>
        <line num="209" count="10" type="stmt"/>
        <line num="220" count="14" type="stmt"/>
        <line num="228" count="14" type="cond" truecount="2" falsecount="0"/>
        <line num="231" count="2" type="stmt"/>
        <line num="239" count="2" type="cond" truecount="1" falsecount="1"/>
        <line num="242" count="2" type="cond" truecount="1" falsecount="1"/>
        <line num="243" count="0" type="stmt"/>
        <line num="251" count="2" type="stmt"/>
        <line num="259" count="11" type="stmt"/>
        <line num="261" count="11" type="cond" truecount="1" falsecount="1"/>
        <line num="262" count="11" type="stmt"/>
        <line num="263" count="0" type="cond" truecount="0" falsecount="4"/>
        <line num="264" count="0" type="stmt"/>
        <line num="266" count="0" type="stmt"/>
        <line num="270" count="11" type="stmt"/>
        <line num="273" count="11" type="stmt"/>
        <line num="281" count="11" type="stmt"/>
        <line num="283" count="11" type="stmt"/>
        <line num="284" count="2" type="cond" truecount="2" falsecount="0"/>
        <line num="286" count="1" type="stmt"/>
        <line num="289" count="1" type="stmt"/>
        <line num="293" count="1" type="stmt"/>
        <line num="297" count="11" type="stmt"/>
      </file>
    </package>
    <package name="src.calc.orchestrator">
      <metrics statements="95" coveredstatements="94" conditionals="60" coveredconditionals="55" methods="13" coveredmethods="12"/>
      <file name="CalculationOrchestrator.ts" path="/home/nail/Documents/Projects/TradeLab/Tradelab/backend/src/calc/orchestrator/CalculationOrchestrator.ts">
        <metrics statements="62" coveredstatements="61" conditionals="48" coveredconditionals="47" methods="9" coveredmethods="8"/>
        <line num="25" count="10" type="stmt"/>
        <line num="26" count="10" type="stmt"/>
        <line num="27" count="10" type="stmt"/>
        <line num="28" count="10" type="stmt"/>
        <line num="29" count="10" type="stmt"/>
        <line num="34" count="10" type="stmt"/>
        <line num="38" count="13" type="stmt"/>
        <line num="40" count="13" type="stmt"/>
        <line num="42" count="13" type="stmt"/>
        <line num="43" count="13" type="stmt"/>
        <line num="46" count="13" type="stmt"/>
        <line num="57" count="13" type="stmt"/>
        <line num="64" count="13" type="stmt"/>
        <line num="71" count="13" type="stmt"/>
        <line num="78" count="11" type="stmt"/>
        <line num="86" count="11" type="stmt"/>
        <line num="92" count="11" type="stmt"/>
        <line num="98" count="11" type="stmt"/>
        <line num="104" count="11" type="stmt"/>
        <line num="111" count="11" type="cond" truecount="2" falsecount="0"/>
        <line num="116" count="13" type="cond" truecount="2" falsecount="0"/>
        <line num="117" count="4" type="stmt"/>
        <line num="118" count="7" type="cond" truecount="4" falsecount="0"/>
        <line num="119" count="2" type="stmt"/>
        <line num="121" count="5" type="stmt"/>
        <line num="125" count="11" type="stmt"/>
        <line num="133" count="11" type="stmt"/>
        <line num="138" count="11" type="stmt"/>
        <line num="176" count="2" type="cond" truecount="1" falsecount="1"/>
        <line num="178" count="2" type="stmt"/>
        <line num="180" count="2" type="stmt"/>
        <line num="250" count="0" type="stmt"/>
        <line num="260" count="11" type="stmt"/>
        <line num="261" count="11" type="cond" truecount="2" falsecount="0"/>
        <line num="262" count="11" type="cond" truecount="2" falsecount="0"/>
        <line num="263" count="11" type="stmt"/>
        <line num="264" count="11" type="stmt"/>
        <line num="265" count="11" type="stmt"/>
        <line num="271" count="11" type="stmt"/>
        <line num="273" count="11" type="stmt"/>
        <line num="274" count="11" type="cond" truecount="2" falsecount="0"/>
        <line num="275" count="9" type="cond" truecount="2" falsecount="0"/>
        <line num="276" count="9" type="cond" truecount="2" falsecount="0"/>
        <line num="277" count="9" type="stmt"/>
        <line num="281" count="11" type="stmt"/>
        <line num="283" count="11" type="cond" truecount="2" falsecount="0"/>
        <line num="284" count="9" type="stmt"/>
        <line num="285" count="9" type="stmt"/>
        <line num="286" count="9" type="stmt"/>
        <line num="289" count="11" type="stmt"/>
        <line num="309" count="11" type="cond" truecount="2" falsecount="0"/>
        <line num="310" count="9" type="stmt"/>
        <line num="313" count="11" type="stmt"/>
        <line num="314" count="11" type="stmt"/>
        <line num="315" count="2" type="cond" truecount="3" falsecount="0"/>
        <line num="317" count="11" type="stmt"/>
        <line num="318" count="17" type="cond" truecount="3" falsecount="0"/>
        <line num="322" count="11" type="cond" truecount="2" falsecount="0"/>
        <line num="329" count="4" type="stmt"/>
        <line num="333" count="7" type="cond" truecount="2" falsecount="0"/>
        <line num="338" count="6" type="stmt"/>
        <line num="342" count="1" type="stmt"/>
      </file>
      <file name="aggregate.ts" path="/home/nail/Documents/Projects/TradeLab/Tradelab/backend/src/calc/orchestrator/aggregate.ts">
        <metrics statements="33" coveredstatements="33" conditionals="12" coveredconditionals="8" methods="4" coveredmethods="4"/>
        <line num="7" count="11" type="stmt"/>
        <line num="8" count="11" type="stmt"/>
        <line num="10" count="11" type="stmt"/>
        <line num="11" count="33" type="stmt"/>
        <line num="12" count="27" type="cond" truecount="4" falsecount="0"/>
        <line num="13" count="27" type="cond" truecount="1" falsecount="1"/>
        <line num="14" count="27" type="stmt"/>
        <line num="15" count="27" type="stmt"/>
        <line num="20" count="11" type="stmt"/>
        <line num="27" count="11" type="stmt"/>
        <line num="28" count="11" type="stmt"/>
        <line num="30" count="11" type="stmt"/>
        <line num="31" count="33" type="stmt"/>
        <line num="32" count="21" type="cond" truecount="1" falsecount="1"/>
        <line num="33" count="21" type="stmt"/>
        <line num="34" count="21" type="stmt"/>
        <line num="39" count="11" type="stmt"/>
        <line num="46" count="11" type="stmt"/>
        <line num="47" count="11" type="stmt"/>
        <line num="49" count="11" type="stmt"/>
        <line num="50" count="33" type="stmt"/>
        <line num="51" count="2" type="cond" truecount="1" falsecount="1"/>
        <line num="52" count="2" type="stmt"/>
        <line num="53" count="2" type="stmt"/>
        <line num="58" count="11" type="stmt"/>
        <line num="65" count="11" type="stmt"/>
        <line num="66" count="11" type="stmt"/>
        <line num="68" count="11" type="stmt"/>
        <line num="69" count="22" type="stmt"/>
        <line num="70" count="6" type="cond" truecount="1" falsecount="1"/>
        <line num="71" count="6" type="stmt"/>
        <line num="72" count="6" type="stmt"/>
        <line num="77" count="11" type="stmt"/>
      </file>
    </package>
    <package name="src.calc.validators">
      <metrics statements="12" coveredstatements="12" conditionals="12" coveredconditionals="12" methods="1" coveredmethods="1"/>
      <file name="validateForCalculation.ts" path="/home/nail/Documents/Projects/TradeLab/Tradelab/backend/src/calc/validators/validateForCalculation.ts">
        <metrics statements="12" coveredstatements="12" conditionals="12" coveredconditionals="12" methods="1" coveredmethods="1"/>
        <line num="9" count="8" type="stmt"/>
        <line num="12" count="8" type="cond" truecount="2" falsecount="0"/>
        <line num="13" count="3" type="stmt"/>
        <line num="16" count="8" type="cond" truecount="2" falsecount="0"/>
        <line num="17" count="3" type="stmt"/>
        <line num="20" count="8" type="cond" truecount="4" falsecount="0"/>
        <line num="21" count="4" type="stmt"/>
        <line num="24" count="8" type="cond" truecount="2" falsecount="0"/>
        <line num="25" count="3" type="stmt"/>
        <line num="33" count="8" type="cond" truecount="2" falsecount="0"/>
        <line num="34" count="5" type="stmt"/>
        <line num="37" count="3" type="stmt"/>
      </file>
    </package>
  </project>
</coverage>
