{"/home/nail/Documents/Projects/TradeLab/Tradelab/backend/src/config.ts": {"path":"/home/nail/Documents/Projects/TradeLab/Tradelab/backend/src/config.ts","statementMap":{"0":{"start":{"line":5,"column":18},"end":{"line":5,"column":null}},"1":{"start":{"line":7,"column":0},"end":{"line":7,"column":null}},"2":{"start":{"line":9,"column":15},"end":{"line":13,"column":null}},"3":{"start":{"line":10,"column":8},"end":{"line":10,"column":null}},"4":{"start":{"line":12,"column":2},"end":{"line":12,"column":null}},"5":{"start":{"line":15,"column":30},"end":{"line":15,"column":null}},"6":{"start":{"line":16,"column":31},"end":{"line":16,"column":null}},"7":{"start":{"line":17,"column":29},"end":{"line":17,"column":null}},"8":{"start":{"line":19,"column":33},"end":{"line":23,"column":null}},"9":{"start":{"line":25,"column":38},"end":{"line":30,"column":null}},"10":{"start":{"line":32,"column":40},"end":{"line":35,"column":null}},"11":{"start":{"line":38,"column":37},"end":{"line":38,"column":null}},"12":{"start":{"line":39,"column":32},"end":{"line":39,"column":null}},"13":{"start":{"line":40,"column":33},"end":{"line":40,"column":null}},"14":{"start":{"line":41,"column":28},"end":{"line":41,"column":null}},"15":{"start":{"line":42,"column":30},"end":{"line":42,"column":null}},"16":{"start":{"line":44,"column":28},"end":{"line":44,"column":null}},"17":{"start":{"line":45,"column":33},"end":{"line":45,"column":null}},"18":{"start":{"line":46,"column":41},"end":{"line":46,"column":null}},"19":{"start":{"line":47,"column":25},"end":{"line":47,"column":null}},"20":{"start":{"line":49,"column":20},"end":{"line":49,"column":null}},"21":{"start":{"line":51,"column":0},"end":{"line":59,"column":null}},"22":{"start":{"line":52,"column":2},"end":{"line":52,"column":null}},"23":{"start":{"line":53,"column":2},"end":{"line":53,"column":null}},"24":{"start":{"line":54,"column":2},"end":{"line":54,"column":null}},"25":{"start":{"line":55,"column":2},"end":{"line":55,"column":null}},"26":{"start":{"line":56,"column":2},"end":{"line":56,"column":null}},"27":{"start":{"line":57,"column":2},"end":{"line":57,"column":null}},"28":{"start":{"line":58,"column":2},"end":{"line":58,"column":null}}},"fnMap":{"0":{"name":"(anonymous_0)","decl":{"start":{"line":9,"column":15},"end":{"line":9,"column":16}},"loc":{"start":{"line":9,"column":40},"end":{"line":13,"column":null}},"line":9}},"branchMap":{"0":{"loc":{"start":{"line":10,"column":17},"end":{"line":10,"column":41}},"type":"binary-expr","locations":[{"start":{"line":10,"column":17},"end":{"line":10,"column":37}},{"start":{"line":10,"column":37},"end":{"line":10,"column":41}}],"line":10},"1":{"loc":{"start":{"line":16,"column":31},"end":{"line":16,"column":null}},"type":"binary-expr","locations":[{"start":{"line":16,"column":31},"end":{"line":16,"column":60}},{"start":{"line":16,"column":60},"end":{"line":16,"column":null}}],"line":16},"2":{"loc":{"start":{"line":17,"column":29},"end":{"line":17,"column":null}},"type":"binary-expr","locations":[{"start":{"line":17,"column":29},"end":{"line":17,"column":56}},{"start":{"line":17,"column":56},"end":{"line":17,"column":null}}],"line":17},"3":{"loc":{"start":{"line":41,"column":28},"end":{"line":41,"column":null}},"type":"binary-expr","locations":[{"start":{"line":41,"column":28},"end":{"line":41,"column":54}},{"start":{"line":41,"column":54},"end":{"line":41,"column":null}}],"line":41},"4":{"loc":{"start":{"line":44,"column":28},"end":{"line":44,"column":null}},"type":"binary-expr","locations":[{"start":{"line":44,"column":28},"end":{"line":44,"column":66}},{"start":{"line":44,"column":66},"end":{"line":44,"column":null}}],"line":44},"5":{"loc":{"start":{"line":49,"column":29},"end":{"line":49,"column":65}},"type":"binary-expr","locations":[{"start":{"line":49,"column":29},"end":{"line":49,"column":57}},{"start":{"line":49,"column":57},"end":{"line":49,"column":65}}],"line":49},"6":{"loc":{"start":{"line":51,"column":0},"end":{"line":59,"column":null}},"type":"if","locations":[{"start":{"line":51,"column":0},"end":{"line":59,"column":null}},{"start":{},"end":{}}],"line":51},"7":{"loc":{"start":{"line":56,"column":27},"end":{"line":56,"column":134}},"type":"cond-expr","locations":[{"start":{"line":56,"column":44},"end":{"line":56,"column":66}},{"start":{"line":56,"column":66},"end":{"line":56,"column":134}}],"line":56},"8":{"loc":{"start":{"line":56,"column":66},"end":{"line":56,"column":134}},"type":"cond-expr","locations":[{"start":{"line":56,"column":86},"end":{"line":56,"column":124}},{"start":{"line":56,"column":124},"end":{"line":56,"column":134}}],"line":56},"9":{"loc":{"start":{"line":57,"column":31},"end":{"line":57,"column":170}},"type":"cond-expr","locations":[{"start":{"line":57,"column":48},"end":{"line":57,"column":74}},{"start":{"line":57,"column":74},"end":{"line":57,"column":170}}],"line":57},"10":{"loc":{"start":{"line":57,"column":74},"end":{"line":57,"column":170}},"type":"cond-expr","locations":[{"start":{"line":57,"column":91},"end":{"line":57,"column":110}},{"start":{"line":57,"column":110},"end":{"line":57,"column":170}}],"line":57},"11":{"loc":{"start":{"line":57,"column":110},"end":{"line":57,"column":170}},"type":"cond-expr","locations":[{"start":{"line":57,"column":134},"end":{"line":57,"column":159}},{"start":{"line":57,"column":159},"end":{"line":57,"column":170}}],"line":57}},"s":{"0":4,"1":4,"2":4,"3":48,"4":48,"5":4,"6":4,"7":4,"8":4,"9":4,"10":4,"11":4,"12":4,"13":4,"14":4,"15":4,"16":4,"17":4,"18":4,"19":4,"20":4,"21":4,"22":0,"23":0,"24":0,"25":0,"26":0,"27":0,"28":0},"f":{"0":48},"b":{"0":[48,16],"1":[4,0],"2":[4,0],"3":[4,4],"4":[4,0],"5":[4,0],"6":[0,4],"7":[0,0],"8":[0,0],"9":[0,0],"10":[0,0],"11":[0,0]},"meta":{"lastBranch":12,"lastFunction":1,"lastStatement":29,"seen":{"s:5:18:5:Infinity":0,"s:7:0:7:Infinity":1,"s:9:15:13:Infinity":2,"f:9:15:9:16":0,"s:10:8:10:Infinity":3,"b:10:17:10:37:10:37:10:41":0,"s:12:2:12:Infinity":4,"s:15:30:15:Infinity":5,"s:16:31:16:Infinity":6,"b:16:31:16:60:16:60:16:Infinity":1,"s:17:29:17:Infinity":7,"b:17:29:17:56:17:56:17:Infinity":2,"s:19:33:23:Infinity":8,"s:25:38:30:Infinity":9,"s:32:40:35:Infinity":10,"s:38:37:38:Infinity":11,"s:39:32:39:Infinity":12,"s:40:33:40:Infinity":13,"s:41:28:41:Infinity":14,"b:41:28:41:54:41:54:41:Infinity":3,"s:42:30:42:Infinity":15,"s:44:28:44:Infinity":16,"b:44:28:44:66:44:66:44:Infinity":4,"s:45:33:45:Infinity":17,"s:46:41:46:Infinity":18,"s:47:25:47:Infinity":19,"s:49:20:49:Infinity":20,"b:49:29:49:57:49:57:49:65":5,"b:51:0:59:Infinity:undefined:undefined:undefined:undefined":6,"s:51:0:59:Infinity":21,"s:52:2:52:Infinity":22,"s:53:2:53:Infinity":23,"s:54:2:54:Infinity":24,"s:55:2:55:Infinity":25,"s:56:2:56:Infinity":26,"b:56:44:56:66:56:66:56:134":7,"b:56:86:56:124:56:124:56:134":8,"s:57:2:57:Infinity":27,"b:57:48:57:74:57:74:57:170":9,"b:57:91:57:110:57:110:57:170":10,"b:57:134:57:159:57:159:57:170":11,"s:58:2:58:Infinity":28}}}
,"/home/nail/Documents/Projects/TradeLab/Tradelab/backend/src/calc/constants.ts": {"path":"/home/nail/Documents/Projects/TradeLab/Tradelab/backend/src/calc/constants.ts","statementMap":{"0":{"start":{"line":1,"column":33},"end":{"line":1,"column":null}},"1":{"start":{"line":2,"column":32},"end":{"line":2,"column":null}},"2":{"start":{"line":4,"column":37},"end":{"line":4,"column":null}},"3":{"start":{"line":7,"column":39},"end":{"line":11,"column":null}},"4":{"start":{"line":13,"column":68},"end":{"line":19,"column":null}},"5":{"start":{"line":21,"column":47},"end":{"line":21,"column":null}},"6":{"start":{"line":22,"column":42},"end":{"line":22,"column":null}}},"fnMap":{},"branchMap":{},"s":{"0":7,"1":7,"2":7,"3":7,"4":7,"5":7,"6":7},"f":{},"b":{},"meta":{"lastBranch":0,"lastFunction":0,"lastStatement":7,"seen":{"s:1:33:1:Infinity":0,"s:2:32:2:Infinity":1,"s:4:37:4:Infinity":2,"s:7:39:11:Infinity":3,"s:13:68:19:Infinity":4,"s:21:47:21:Infinity":5,"s:22:42:22:Infinity":6}}}
,"/home/nail/Documents/Projects/TradeLab/Tradelab/backend/src/calc/errors.ts": {"path":"/home/nail/Documents/Projects/TradeLab/Tradelab/backend/src/calc/errors.ts","statementMap":{"0":{"start":{"line":8,"column":4},"end":{"line":8,"column":null}},"1":{"start":{"line":9,"column":4},"end":{"line":9,"column":null}},"2":{"start":{"line":10,"column":4},"end":{"line":10,"column":null}},"3":{"start":{"line":11,"column":4},"end":{"line":11,"column":null}},"4":{"start":{"line":17,"column":4},"end":{"line":17,"column":null}},"5":{"start":{"line":18,"column":4},"end":{"line":18,"column":null}},"6":{"start":{"line":24,"column":4},"end":{"line":24,"column":null}},"7":{"start":{"line":25,"column":4},"end":{"line":25,"column":null}},"8":{"start":{"line":33,"column":4},"end":{"line":33,"column":null}},"9":{"start":{"line":34,"column":4},"end":{"line":34,"column":null}},"10":{"start":{"line":35,"column":4},"end":{"line":35,"column":null}},"11":{"start":{"line":41,"column":4},"end":{"line":41,"column":null}},"12":{"start":{"line":42,"column":4},"end":{"line":42,"column":null}}},"fnMap":{"0":{"name":"(anonymous_0)","decl":{"start":{"line":7,"column":2},"end":{"line":7,"column":14}},"loc":{"start":{"line":7,"column":53},"end":{"line":12,"column":null}},"line":7},"1":{"name":"(anonymous_1)","decl":{"start":{"line":16,"column":2},"end":{"line":16,"column":14}},"loc":{"start":{"line":16,"column":31},"end":{"line":19,"column":null}},"line":16},"2":{"name":"(anonymous_2)","decl":{"start":{"line":23,"column":2},"end":{"line":23,"column":14}},"loc":{"start":{"line":23,"column":31},"end":{"line":26,"column":null}},"line":23},"3":{"name":"(anonymous_3)","decl":{"start":{"line":32,"column":2},"end":{"line":32,"column":14}},"loc":{"start":{"line":32,"column":49},"end":{"line":36,"column":null}},"line":32},"4":{"name":"(anonymous_4)","decl":{"start":{"line":40,"column":2},"end":{"line":40,"column":14}},"loc":{"start":{"line":40,"column":31},"end":{"line":43,"column":null}},"line":40}},"branchMap":{"0":{"loc":{"start":{"line":35,"column":19},"end":{"line":35,"column":null}},"type":"binary-expr","locations":[{"start":{"line":35,"column":19},"end":{"line":35,"column":30}},{"start":{"line":35,"column":30},"end":{"line":35,"column":null}}],"line":35}},"s":{"0":1,"1":1,"2":1,"3":1,"4":4,"5":4,"6":1,"7":1,"8":2,"9":2,"10":2,"11":1,"12":1},"f":{"0":1,"1":4,"2":1,"3":2,"4":1},"b":{"0":[2,1]},"meta":{"lastBranch":1,"lastFunction":5,"lastStatement":13,"seen":{"f:7:2:7:14":0,"s:8:4:8:Infinity":0,"s:9:4:9:Infinity":1,"s:10:4:10:Infinity":2,"s:11:4:11:Infinity":3,"f:16:2:16:14":1,"s:17:4:17:Infinity":4,"s:18:4:18:Infinity":5,"f:23:2:23:14":2,"s:24:4:24:Infinity":6,"s:25:4:25:Infinity":7,"f:32:2:32:14":3,"s:33:4:33:Infinity":8,"s:34:4:34:Infinity":9,"s:35:4:35:Infinity":10,"b:35:19:35:30:35:30:35:Infinity":0,"f:40:2:40:14":4,"s:41:4:41:Infinity":11,"s:42:4:42:Infinity":12}}}
,"/home/nail/Documents/Projects/TradeLab/Tradelab/backend/src/calc/config/DataCacheManager.ts": {"path":"/home/nail/Documents/Projects/TradeLab/Tradelab/backend/src/calc/config/DataCacheManager.ts","statementMap":{"0":{"start":{"line":9,"column":38},"end":{"line":9,"column":null}},"1":{"start":{"line":10,"column":32},"end":{"line":10,"column":null}},"2":{"start":{"line":11,"column":36},"end":{"line":11,"column":null}},"3":{"start":{"line":14,"column":4},"end":{"line":16,"column":null}},"4":{"start":{"line":20,"column":19},"end":{"line":27,"column":null}},"5":{"start":{"line":30,"column":27},"end":{"line":34,"column":null}},"6":{"start":{"line":36,"column":29},"end":{"line":36,"column":null}},"7":{"start":{"line":38,"column":4},"end":{"line":56,"column":null}},"8":{"start":{"line":39,"column":27},"end":{"line":39,"column":null}},"9":{"start":{"line":40,"column":30},"end":{"line":43,"column":null}},"10":{"start":{"line":45,"column":6},"end":{"line":53,"column":null}},"11":{"start":{"line":46,"column":25},"end":{"line":46,"column":null}},"12":{"start":{"line":47,"column":8},"end":{"line":47,"column":null}},"13":{"start":{"line":49,"column":8},"end":{"line":51,"column":null}},"14":{"start":{"line":50,"column":10},"end":{"line":50,"column":null}},"15":{"start":{"line":52,"column":8},"end":{"line":52,"column":null}},"16":{"start":{"line":55,"column":6},"end":{"line":55,"column":null}},"17":{"start":{"line":58,"column":4},"end":{"line":60,"column":null}},"18":{"start":{"line":59,"column":6},"end":{"line":59,"column":null}},"19":{"start":{"line":62,"column":4},"end":{"line":62,"column":null}},"20":{"start":{"line":63,"column":4},"end":{"line":63,"column":null}},"21":{"start":{"line":67,"column":17},"end":{"line":67,"column":null}},"22":{"start":{"line":69,"column":4},"end":{"line":78,"column":null}},"23":{"start":{"line":70,"column":6},"end":{"line":76,"column":null}},"24":{"start":{"line":71,"column":8},"end":{"line":75,"column":null}},"25":{"start":{"line":72,"column":10},"end":{"line":72,"column":null}},"26":{"start":{"line":72,"column":45},"end":{"line":72,"column":null}},"27":{"start":{"line":73,"column":8},"end":{"line":75,"column":null}},"28":{"start":{"line":74,"column":10},"end":{"line":74,"column":null}},"29":{"start":{"line":77,"column":6},"end":{"line":77,"column":null}},"30":{"start":{"line":83,"column":4},"end":{"line":83,"column":null}},"31":{"start":{"line":87,"column":4},"end":{"line":89,"column":null}},"32":{"start":{"line":88,"column":6},"end":{"line":88,"column":null}},"33":{"start":{"line":94,"column":28},"end":{"line":94,"column":null}}},"fnMap":{"0":{"name":"(anonymous_0)","decl":{"start":{"line":13,"column":2},"end":{"line":13,"column":16}},"loc":{"start":{"line":13,"column":16},"end":{"line":17,"column":null}},"line":13},"1":{"name":"(anonymous_1)","decl":{"start":{"line":19,"column":8},"end":{"line":19,"column":36}},"loc":{"start":{"line":19,"column":36},"end":{"line":64,"column":null}},"line":19},"2":{"name":"(anonymous_2)","decl":{"start":{"line":66,"column":2},"end":{"line":66,"column":17}},"loc":{"start":{"line":66,"column":72},"end":{"line":79,"column":null}},"line":66},"3":{"name":"(anonymous_3)","decl":{"start":{"line":69,"column":23},"end":{"line":69,"column":31}},"loc":{"start":{"line":69,"column":31},"end":{"line":78,"column":5}},"line":69},"4":{"name":"(anonymous_4)","decl":{"start":{"line":82,"column":2},"end":{"line":82,"column":19}},"loc":{"start":{"line":82,"column":84},"end":{"line":84,"column":null}},"line":82},"5":{"name":"(anonymous_5)","decl":{"start":{"line":86,"column":8},"end":{"line":86,"column":38}},"loc":{"start":{"line":86,"column":38},"end":{"line":90,"column":null}},"line":86}},"branchMap":{"0":{"loc":{"start":{"line":39,"column":27},"end":{"line":39,"column":null}},"type":"cond-expr","locations":[{"start":{"line":39,"column":61},"end":{"line":39,"column":73}},{"start":{"line":39,"column":73},"end":{"line":39,"column":null}}],"line":39},"1":{"loc":{"start":{"line":45,"column":6},"end":{"line":53,"column":null}},"type":"if","locations":[{"start":{"line":45,"column":6},"end":{"line":53,"column":null}},{"start":{},"end":{}}],"line":45},"2":{"loc":{"start":{"line":49,"column":8},"end":{"line":51,"column":null}},"type":"if","locations":[{"start":{"line":49,"column":8},"end":{"line":51,"column":null}},{"start":{},"end":{}}],"line":49},"3":{"loc":{"start":{"line":55,"column":28},"end":{"line":55,"column":38}},"type":"binary-expr","locations":[{"start":{"line":55,"column":28},"end":{"line":55,"column":36}},{"start":{"line":55,"column":36},"end":{"line":55,"column":38}}],"line":55},"4":{"loc":{"start":{"line":58,"column":4},"end":{"line":60,"column":null}},"type":"if","locations":[{"start":{"line":58,"column":4},"end":{"line":60,"column":null}},{"start":{},"end":{}}],"line":58},"5":{"loc":{"start":{"line":66,"column":32},"end":{"line":66,"column":72}},"type":"default-arg","locations":[{"start":{"line":66,"column":63},"end":{"line":66,"column":72}}],"line":66},"6":{"loc":{"start":{"line":67,"column":17},"end":{"line":67,"column":null}},"type":"binary-expr","locations":[{"start":{"line":67,"column":17},"end":{"line":67,"column":42}},{"start":{"line":67,"column":42},"end":{"line":67,"column":null}}],"line":67},"7":{"loc":{"start":{"line":71,"column":8},"end":{"line":75,"column":null}},"type":"if","locations":[{"start":{"line":71,"column":8},"end":{"line":75,"column":null}},{"start":{"line":73,"column":8},"end":{"line":75,"column":null}}],"line":71},"8":{"loc":{"start":{"line":71,"column":12},"end":{"line":71,"column":65}},"type":"binary-expr","locations":[{"start":{"line":71,"column":12},"end":{"line":71,"column":21}},{"start":{"line":71,"column":21},"end":{"line":71,"column":50}},{"start":{"line":71,"column":50},"end":{"line":71,"column":65}}],"line":71},"9":{"loc":{"start":{"line":72,"column":10},"end":{"line":72,"column":null}},"type":"if","locations":[{"start":{"line":72,"column":10},"end":{"line":72,"column":null}},{"start":{},"end":{}}],"line":72},"10":{"loc":{"start":{"line":73,"column":8},"end":{"line":75,"column":null}},"type":"if","locations":[{"start":{"line":73,"column":8},"end":{"line":75,"column":null}},{"start":{},"end":{}}],"line":73},"11":{"loc":{"start":{"line":82,"column":34},"end":{"line":82,"column":84}},"type":"default-arg","locations":[{"start":{"line":82,"column":65},"end":{"line":82,"column":84}}],"line":82},"12":{"loc":{"start":{"line":87,"column":4},"end":{"line":89,"column":null}},"type":"if","locations":[{"start":{"line":87,"column":4},"end":{"line":89,"column":null}},{"start":{},"end":{}}],"line":87},"13":{"loc":{"start":{"line":87,"column":8},"end":{"line":87,"column":87}},"type":"binary-expr","locations":[{"start":{"line":87,"column":8},"end":{"line":87,"column":33}},{"start":{"line":87,"column":33},"end":{"line":87,"column":87}}],"line":87}},"s":{"0":4,"1":4,"2":4,"3":4,"4":1,"5":1,"6":1,"7":1,"8":6,"9":6,"10":6,"11":0,"12":0,"13":0,"14":0,"15":0,"16":6,"17":1,"18":0,"19":1,"20":1,"21":2,"22":2,"23":0,"24":0,"25":0,"26":0,"27":0,"28":0,"29":0,"30":0,"31":0,"32":0,"33":2},"f":{"0":4,"1":1,"2":2,"3":0,"4":0,"5":0},"b":{"0":[1,5],"1":[0,6],"2":[0,0],"3":[6,0],"4":[0,1],"5":[2],"6":[2,2],"7":[0,0],"8":[0,0,0],"9":[0,0],"10":[0,0],"11":[0],"12":[0,0],"13":[0,0]},"meta":{"lastBranch":14,"lastFunction":6,"lastStatement":34,"seen":{"s:9:38:9:Infinity":0,"s:10:32:10:Infinity":1,"s:11:36:11:Infinity":2,"f:13:2:13:16":0,"s:14:4:16:Infinity":3,"f:19:8:19:36":1,"s:20:19:27:Infinity":4,"s:30:27:34:Infinity":5,"s:36:29:36:Infinity":6,"s:38:4:56:Infinity":7,"s:39:27:39:Infinity":8,"b:39:61:39:73:39:73:39:Infinity":0,"s:40:30:43:Infinity":9,"b:45:6:53:Infinity:undefined:undefined:undefined:undefined":1,"s:45:6:53:Infinity":10,"s:46:25:46:Infinity":11,"s:47:8:47:Infinity":12,"b:49:8:51:Infinity:undefined:undefined:undefined:undefined":2,"s:49:8:51:Infinity":13,"s:50:10:50:Infinity":14,"s:52:8:52:Infinity":15,"s:55:6:55:Infinity":16,"b:55:28:55:36:55:36:55:38":3,"b:58:4:60:Infinity:undefined:undefined:undefined:undefined":4,"s:58:4:60:Infinity":17,"s:59:6:59:Infinity":18,"s:62:4:62:Infinity":19,"s:63:4:63:Infinity":20,"f:66:2:66:17":2,"b:66:63:66:72":5,"s:67:17:67:Infinity":21,"b:67:17:67:42:67:42:67:Infinity":6,"s:69:4:78:Infinity":22,"f:69:23:69:31":3,"s:70:6:76:Infinity":23,"b:71:8:75:Infinity:73:8:75:Infinity":7,"s:71:8:75:Infinity":24,"b:71:12:71:21:71:21:71:50:71:50:71:65":8,"b:72:10:72:Infinity:undefined:undefined:undefined:undefined":9,"s:72:10:72:Infinity":25,"s:72:45:72:Infinity":26,"b:73:8:75:Infinity:undefined:undefined:undefined:undefined":10,"s:73:8:75:Infinity":27,"s:74:10:74:Infinity":28,"s:77:6:77:Infinity":29,"f:82:2:82:19":4,"b:82:65:82:84":11,"s:83:4:83:Infinity":30,"f:86:8:86:38":5,"b:87:4:89:Infinity:undefined:undefined:undefined:undefined":12,"s:87:4:89:Infinity":31,"b:87:8:87:33:87:33:87:87":13,"s:88:6:88:Infinity":32,"s:94:28:94:Infinity":33}}}
,"/home/nail/Documents/Projects/TradeLab/Tradelab/backend/src/calc/config/loadConfig.ts": {"path":"/home/nail/Documents/Projects/TradeLab/Tradelab/backend/src/calc/config/loadConfig.ts","statementMap":{"0":{"start":{"line":6,"column":6},"end":{"line":6,"column":null}},"1":{"start":{"line":7,"column":18},"end":{"line":7,"column":null}},"2":{"start":{"line":10,"column":20},"end":{"line":10,"column":null}},"3":{"start":{"line":26,"column":19},"end":{"line":26,"column":null}},"4":{"start":{"line":28,"column":2},"end":{"line":30,"column":null}},"5":{"start":{"line":29,"column":4},"end":{"line":29,"column":null}},"6":{"start":{"line":32,"column":2},"end":{"line":37,"column":null}},"7":{"start":{"line":33,"column":20},"end":{"line":33,"column":null}},"8":{"start":{"line":34,"column":4},"end":{"line":34,"column":null}},"9":{"start":{"line":36,"column":4},"end":{"line":36,"column":null}},"10":{"start":{"line":41,"column":2},"end":{"line":41,"column":null}},"11":{"start":{"line":45,"column":2},"end":{"line":45,"column":null}},"12":{"start":{"line":49,"column":2},"end":{"line":49,"column":null}}},"fnMap":{"0":{"name":"loadJson","decl":{"start":{"line":25,"column":9},"end":{"line":25,"column":21}},"loc":{"start":{"line":25,"column":46},"end":{"line":38,"column":null}},"line":25},"1":{"name":"loadCustomsValueRules","decl":{"start":{"line":40,"column":16},"end":{"line":40,"column":59}},"loc":{"start":{"line":40,"column":59},"end":{"line":42,"column":null}},"line":40},"2":{"name":"loadCityAliases","decl":{"start":{"line":44,"column":16},"end":{"line":44,"column":58}},"loc":{"start":{"line":44,"column":58},"end":{"line":46,"column":null}},"line":44},"3":{"name":"loadTariffParserRules","decl":{"start":{"line":48,"column":16},"end":{"line":48,"column":53}},"loc":{"start":{"line":48,"column":53},"end":{"line":50,"column":null}},"line":48}},"branchMap":{"0":{"loc":{"start":{"line":28,"column":2},"end":{"line":30,"column":null}},"type":"if","locations":[{"start":{"line":28,"column":2},"end":{"line":30,"column":null}},{"start":{},"end":{}}],"line":28}},"s":{"0":9,"1":9,"2":9,"3":38,"4":38,"5":0,"6":38,"7":38,"8":38,"9":0,"10":19,"11":14,"12":5},"f":{"0":38,"1":19,"2":14,"3":5},"b":{"0":[0,38]},"meta":{"lastBranch":1,"lastFunction":4,"lastStatement":13,"seen":{"s:6:6:6:Infinity":0,"s:7:18:7:Infinity":1,"s:10:20:10:Infinity":2,"f:25:9:25:21":0,"s:26:19:26:Infinity":3,"b:28:2:30:Infinity:undefined:undefined:undefined:undefined":0,"s:28:2:30:Infinity":4,"s:29:4:29:Infinity":5,"s:32:2:37:Infinity":6,"s:33:20:33:Infinity":7,"s:34:4:34:Infinity":8,"s:36:4:36:Infinity":9,"f:40:16:40:59":1,"s:41:2:41:Infinity":10,"f:44:16:44:58":2,"s:45:2:45:Infinity":11,"f:48:16:48:53":3,"s:49:2:49:Infinity":12}}}
,"/home/nail/Documents/Projects/TradeLab/Tradelab/backend/src/calc/currency/CurrencyConverter.ts": {"path":"/home/nail/Documents/Projects/TradeLab/Tradelab/backend/src/calc/currency/CurrencyConverter.ts","statementMap":{"0":{"start":{"line":4,"column":42},"end":{"line":4,"column":null}},"1":{"start":{"line":7,"column":4},"end":{"line":7,"column":null}},"2":{"start":{"line":12,"column":4},"end":{"line":12,"column":null}},"3":{"start":{"line":12,"column":21},"end":{"line":12,"column":null}},"4":{"start":{"line":14,"column":4},"end":{"line":18,"column":null}},"5":{"start":{"line":15,"column":21},"end":{"line":15,"column":null}},"6":{"start":{"line":16,"column":6},"end":{"line":16,"column":null}},"7":{"start":{"line":16,"column":19},"end":{"line":16,"column":null}},"8":{"start":{"line":17,"column":6},"end":{"line":17,"column":null}},"9":{"start":{"line":20,"column":4},"end":{"line":24,"column":null}},"10":{"start":{"line":21,"column":23},"end":{"line":21,"column":null}},"11":{"start":{"line":22,"column":6},"end":{"line":22,"column":null}},"12":{"start":{"line":22,"column":21},"end":{"line":22,"column":null}},"13":{"start":{"line":23,"column":6},"end":{"line":23,"column":null}},"14":{"start":{"line":27,"column":21},"end":{"line":27,"column":null}},"15":{"start":{"line":28,"column":19},"end":{"line":28,"column":null}},"16":{"start":{"line":30,"column":4},"end":{"line":30,"column":null}},"17":{"start":{"line":30,"column":19},"end":{"line":30,"column":null}},"18":{"start":{"line":31,"column":4},"end":{"line":31,"column":null}},"19":{"start":{"line":31,"column":17},"end":{"line":31,"column":null}},"20":{"start":{"line":33,"column":24},"end":{"line":33,"column":null}},"21":{"start":{"line":34,"column":4},"end":{"line":34,"column":null}},"22":{"start":{"line":39,"column":4},"end":{"line":39,"column":null}}},"fnMap":{"0":{"name":"(anonymous_0)","decl":{"start":{"line":6,"column":2},"end":{"line":6,"column":10}},"loc":{"start":{"line":6,"column":54},"end":{"line":8,"column":null}},"line":6},"1":{"name":"(anonymous_1)","decl":{"start":{"line":11,"column":2},"end":{"line":11,"column":10}},"loc":{"start":{"line":11,"column":60},"end":{"line":35,"column":null}},"line":11},"2":{"name":"(anonymous_2)","decl":{"start":{"line":38,"column":2},"end":{"line":38,"column":13}},"loc":{"start":{"line":38,"column":51},"end":{"line":40,"column":null}},"line":38}},"branchMap":{"0":{"loc":{"start":{"line":12,"column":4},"end":{"line":12,"column":null}},"type":"if","locations":[{"start":{"line":12,"column":4},"end":{"line":12,"column":null}},{"start":{},"end":{}}],"line":12},"1":{"loc":{"start":{"line":14,"column":4},"end":{"line":18,"column":null}},"type":"if","locations":[{"start":{"line":14,"column":4},"end":{"line":18,"column":null}},{"start":{},"end":{}}],"line":14},"2":{"loc":{"start":{"line":16,"column":6},"end":{"line":16,"column":null}},"type":"if","locations":[{"start":{"line":16,"column":6},"end":{"line":16,"column":null}},{"start":{},"end":{}}],"line":16},"3":{"loc":{"start":{"line":20,"column":4},"end":{"line":24,"column":null}},"type":"if","locations":[{"start":{"line":20,"column":4},"end":{"line":24,"column":null}},{"start":{},"end":{}}],"line":20},"4":{"loc":{"start":{"line":22,"column":6},"end":{"line":22,"column":null}},"type":"if","locations":[{"start":{"line":22,"column":6},"end":{"line":22,"column":null}},{"start":{},"end":{}}],"line":22},"5":{"loc":{"start":{"line":30,"column":4},"end":{"line":30,"column":null}},"type":"if","locations":[{"start":{"line":30,"column":4},"end":{"line":30,"column":null}},{"start":{},"end":{}}],"line":30},"6":{"loc":{"start":{"line":31,"column":4},"end":{"line":31,"column":null}},"type":"if","locations":[{"start":{"line":31,"column":4},"end":{"line":31,"column":null}},{"start":{},"end":{}}],"line":31}},"s":{"0":44,"1":121,"2":37,"3":32,"4":5,"5":3,"6":3,"7":0,"8":3,"9":2,"10":0,"11":0,"12":0,"13":0,"14":2,"15":2,"16":2,"17":0,"18":2,"19":2,"20":2,"21":2,"22":37},"f":{"0":121,"1":37,"2":37},"b":{"0":[32,5],"1":[3,2],"2":[0,3],"3":[0,2],"4":[0,0],"5":[0,2],"6":[0,2]},"meta":{"lastBranch":7,"lastFunction":3,"lastStatement":23,"seen":{"s:4:42:4:Infinity":0,"f:6:2:6:10":0,"s:7:4:7:Infinity":1,"f:11:2:11:10":1,"b:12:4:12:Infinity:undefined:undefined:undefined:undefined":0,"s:12:4:12:Infinity":2,"s:12:21:12:Infinity":3,"b:14:4:18:Infinity:undefined:undefined:undefined:undefined":1,"s:14:4:18:Infinity":4,"s:15:21:15:Infinity":5,"b:16:6:16:Infinity:undefined:undefined:undefined:undefined":2,"s:16:6:16:Infinity":6,"s:16:19:16:Infinity":7,"s:17:6:17:Infinity":8,"b:20:4:24:Infinity:undefined:undefined:undefined:undefined":3,"s:20:4:24:Infinity":9,"s:21:23:21:Infinity":10,"b:22:6:22:Infinity:undefined:undefined:undefined:undefined":4,"s:22:6:22:Infinity":11,"s:22:21:22:Infinity":12,"s:23:6:23:Infinity":13,"s:27:21:27:Infinity":14,"s:28:19:28:Infinity":15,"b:30:4:30:Infinity:undefined:undefined:undefined:undefined":5,"s:30:4:30:Infinity":16,"s:30:19:30:Infinity":17,"b:31:4:31:Infinity:undefined:undefined:undefined:undefined":6,"s:31:4:31:Infinity":18,"s:31:17:31:Infinity":19,"s:33:24:33:Infinity":20,"s:34:4:34:Infinity":21,"f:38:2:38:13":2,"s:39:4:39:Infinity":22}}}
,"/home/nail/Documents/Projects/TradeLab/Tradelab/backend/src/calc/currency/CurrencyProvider.ts": {"path":"/home/nail/Documents/Projects/TradeLab/Tradelab/backend/src/calc/currency/CurrencyProvider.ts","statementMap":{"0":{"start":{"line":11,"column":30},"end":{"line":11,"column":null}},"1":{"start":{"line":12,"column":34},"end":{"line":12,"column":null}},"2":{"start":{"line":13,"column":33},"end":{"line":13,"column":null}},"3":{"start":{"line":16,"column":4},"end":{"line":16,"column":null}},"4":{"start":{"line":17,"column":4},"end":{"line":19,"column":null}},"5":{"start":{"line":22,"column":4},"end":{"line":22,"column":null}},"6":{"start":{"line":27,"column":28},"end":{"line":31,"column":null}},"7":{"start":{"line":33,"column":4},"end":{"line":35,"column":null}},"8":{"start":{"line":34,"column":6},"end":{"line":34,"column":null}},"9":{"start":{"line":37,"column":4},"end":{"line":39,"column":null}},"10":{"start":{"line":38,"column":6},"end":{"line":38,"column":null}},"11":{"start":{"line":41,"column":22},"end":{"line":41,"column":null}},"12":{"start":{"line":42,"column":4},"end":{"line":44,"column":null}},"13":{"start":{"line":43,"column":6},"end":{"line":43,"column":null}},"14":{"start":{"line":46,"column":4},"end":{"line":46,"column":null}},"15":{"start":{"line":47,"column":4},"end":{"line":47,"column":null}},"16":{"start":{"line":48,"column":4},"end":{"line":48,"column":null}},"17":{"start":{"line":52,"column":4},"end":{"line":54,"column":null}},"18":{"start":{"line":53,"column":6},"end":{"line":53,"column":null}},"19":{"start":{"line":58,"column":4},"end":{"line":60,"column":null}},"20":{"start":{"line":59,"column":6},"end":{"line":59,"column":null}},"21":{"start":{"line":64,"column":4},"end":{"line":64,"column":null}},"22":{"start":{"line":65,"column":4},"end":{"line":65,"column":null}},"23":{"start":{"line":69,"column":4},"end":{"line":69,"column":null}},"24":{"start":{"line":70,"column":4},"end":{"line":70,"column":null}},"25":{"start":{"line":75,"column":32},"end":{"line":75,"column":null}}},"fnMap":{"0":{"name":"(anonymous_0)","decl":{"start":{"line":15,"column":2},"end":{"line":15,"column":16}},"loc":{"start":{"line":15,"column":16},"end":{"line":23,"column":null}},"line":15},"1":{"name":"(anonymous_1)","decl":{"start":{"line":25,"column":8},"end":{"line":25,"column":36}},"loc":{"start":{"line":25,"column":36},"end":{"line":49,"column":null}},"line":25},"2":{"name":"(anonymous_2)","decl":{"start":{"line":51,"column":8},"end":{"line":51,"column":37}},"loc":{"start":{"line":51,"column":37},"end":{"line":55,"column":null}},"line":51},"3":{"name":"(anonymous_3)","decl":{"start":{"line":57,"column":2},"end":{"line":57,"column":28}},"loc":{"start":{"line":57,"column":28},"end":{"line":61,"column":null}},"line":57},"4":{"name":"(anonymous_4)","decl":{"start":{"line":63,"column":2},"end":{"line":63,"column":10}},"loc":{"start":{"line":63,"column":60},"end":{"line":66,"column":null}},"line":63},"5":{"name":"(anonymous_5)","decl":{"start":{"line":68,"column":2},"end":{"line":68,"column":13}},"loc":{"start":{"line":68,"column":51},"end":{"line":71,"column":null}},"line":68}},"branchMap":{"0":{"loc":{"start":{"line":33,"column":4},"end":{"line":35,"column":null}},"type":"if","locations":[{"start":{"line":33,"column":4},"end":{"line":35,"column":null}},{"start":{},"end":{}}],"line":33},"1":{"loc":{"start":{"line":37,"column":4},"end":{"line":39,"column":null}},"type":"if","locations":[{"start":{"line":37,"column":4},"end":{"line":39,"column":null}},{"start":{},"end":{}}],"line":37},"2":{"loc":{"start":{"line":37,"column":8},"end":{"line":37,"column":36}},"type":"binary-expr","locations":[{"start":{"line":37,"column":8},"end":{"line":37,"column":17}},{"start":{"line":37,"column":17},"end":{"line":37,"column":36}}],"line":37},"3":{"loc":{"start":{"line":52,"column":4},"end":{"line":54,"column":null}},"type":"if","locations":[{"start":{"line":52,"column":4},"end":{"line":54,"column":null}},{"start":{},"end":{}}],"line":52},"4":{"loc":{"start":{"line":58,"column":4},"end":{"line":60,"column":null}},"type":"if","locations":[{"start":{"line":58,"column":4},"end":{"line":60,"column":null}},{"start":{},"end":{}}],"line":58}},"s":{"0":14,"1":14,"2":14,"3":14,"4":14,"5":14,"6":10,"7":10,"8":1,"9":9,"10":1,"11":8,"12":8,"13":36,"14":8,"15":8,"16":8,"17":2,"18":1,"19":1,"20":1,"21":1,"22":1,"23":0,"24":0,"25":3},"f":{"0":14,"1":10,"2":2,"3":1,"4":1,"5":0},"b":{"0":[1,9],"1":[1,8],"2":[9,9],"3":[1,1],"4":[1,0]},"meta":{"lastBranch":5,"lastFunction":6,"lastStatement":26,"seen":{"s:11:30:11:Infinity":0,"s:12:34:12:Infinity":1,"s:13:33:13:Infinity":2,"f:15:2:15:16":0,"s:16:4:16:Infinity":3,"s:17:4:19:Infinity":4,"s:22:4:22:Infinity":5,"f:25:8:25:36":1,"s:27:28:31:Infinity":6,"b:33:4:35:Infinity:undefined:undefined:undefined:undefined":0,"s:33:4:35:Infinity":7,"s:34:6:34:Infinity":8,"b:37:4:39:Infinity:undefined:undefined:undefined:undefined":1,"s:37:4:39:Infinity":9,"b:37:8:37:17:37:17:37:36":2,"s:38:6:38:Infinity":10,"s:41:22:41:Infinity":11,"s:42:4:44:Infinity":12,"s:43:6:43:Infinity":13,"s:46:4:46:Infinity":14,"s:47:4:47:Infinity":15,"s:48:4:48:Infinity":16,"f:51:8:51:37":2,"b:52:4:54:Infinity:undefined:undefined:undefined:undefined":3,"s:52:4:54:Infinity":17,"s:53:6:53:Infinity":18,"f:57:2:57:28":3,"b:58:4:60:Infinity:undefined:undefined:undefined:undefined":4,"s:58:4:60:Infinity":19,"s:59:6:59:Infinity":20,"f:63:2:63:10":4,"s:64:4:64:Infinity":21,"s:65:4:65:Infinity":22,"f:68:2:68:13":5,"s:69:4:69:Infinity":23,"s:70:4:70:Infinity":24,"s:75:32:75:Infinity":25}}}
,"/home/nail/Documents/Projects/TradeLab/Tradelab/backend/src/calc/customs/CustomsValueCalculator.ts": {"path":"/home/nail/Documents/Projects/TradeLab/Tradelab/backend/src/calc/customs/CustomsValueCalculator.ts","statementMap":{"0":{"start":{"line":7,"column":4},"end":{"line":7,"column":null}},"1":{"start":{"line":8,"column":4},"end":{"line":8,"column":null}},"2":{"start":{"line":23,"column":4},"end":{"line":23,"column":null}},"3":{"start":{"line":31,"column":23},"end":{"line":31,"column":null}},"4":{"start":{"line":32,"column":25},"end":{"line":32,"column":null}},"5":{"start":{"line":34,"column":39},"end":{"line":47,"column":null}},"6":{"start":{"line":49,"column":4},"end":{"line":65,"column":null}},"7":{"start":{"line":51,"column":8},"end":{"line":51,"column":null}},"8":{"start":{"line":55,"column":8},"end":{"line":55,"column":null}},"9":{"start":{"line":58,"column":8},"end":{"line":58,"column":null}},"10":{"start":{"line":61,"column":8},"end":{"line":61,"column":null}},"11":{"start":{"line":64,"column":8},"end":{"line":64,"column":null}},"12":{"start":{"line":69,"column":21},"end":{"line":69,"column":null}},"13":{"start":{"line":70,"column":4},"end":{"line":73,"column":null}},"14":{"start":{"line":77,"column":4},"end":{"line":77,"column":null}},"15":{"start":{"line":78,"column":4},"end":{"line":78,"column":null}},"16":{"start":{"line":87,"column":23},"end":{"line":87,"column":null}},"17":{"start":{"line":88,"column":21},"end":{"line":88,"column":null}},"18":{"start":{"line":91,"column":4},"end":{"line":98,"column":null}},"19":{"start":{"line":92,"column":39},"end":{"line":92,"column":null}},"20":{"start":{"line":93,"column":6},"end":{"line":93,"column":null}},"21":{"start":{"line":94,"column":6},"end":{"line":94,"column":null}},"22":{"start":{"line":95,"column":6},"end":{"line":95,"column":null}},"23":{"start":{"line":97,"column":6},"end":{"line":97,"column":null}},"24":{"start":{"line":101,"column":4},"end":{"line":111,"column":null}},"25":{"start":{"line":102,"column":6},"end":{"line":102,"column":null}},"26":{"start":{"line":104,"column":27},"end":{"line":104,"column":null}},"27":{"start":{"line":105,"column":6},"end":{"line":105,"column":null}},"28":{"start":{"line":106,"column":6},"end":{"line":106,"column":null}},"29":{"start":{"line":107,"column":6},"end":{"line":107,"column":null}},"30":{"start":{"line":108,"column":6},"end":{"line":110,"column":null}},"31":{"start":{"line":113,"column":4},"end":{"line":113,"column":null}},"32":{"start":{"line":114,"column":4},"end":{"line":114,"column":null}},"33":{"start":{"line":116,"column":4},"end":{"line":116,"column":null}},"34":{"start":{"line":125,"column":23},"end":{"line":125,"column":null}},"35":{"start":{"line":126,"column":21},"end":{"line":126,"column":null}},"36":{"start":{"line":129,"column":4},"end":{"line":148,"column":null}},"37":{"start":{"line":130,"column":6},"end":{"line":130,"column":null}},"38":{"start":{"line":131,"column":6},"end":{"line":131,"column":null}},"39":{"start":{"line":132,"column":6},"end":{"line":132,"column":null}},"40":{"start":{"line":133,"column":4},"end":{"line":148,"column":null}},"41":{"start":{"line":135,"column":6},"end":{"line":135,"column":null}},"42":{"start":{"line":138,"column":6},"end":{"line":147,"column":null}},"43":{"start":{"line":139,"column":41},"end":{"line":139,"column":null}},"44":{"start":{"line":140,"column":8},"end":{"line":140,"column":null}},"45":{"start":{"line":141,"column":8},"end":{"line":141,"column":null}},"46":{"start":{"line":142,"column":8},"end":{"line":142,"column":null}},"47":{"start":{"line":143,"column":8},"end":{"line":143,"column":null}},"48":{"start":{"line":145,"column":8},"end":{"line":145,"column":null}},"49":{"start":{"line":146,"column":8},"end":{"line":146,"column":null}},"50":{"start":{"line":151,"column":4},"end":{"line":161,"column":null}},"51":{"start":{"line":152,"column":6},"end":{"line":152,"column":null}},"52":{"start":{"line":154,"column":27},"end":{"line":154,"column":null}},"53":{"start":{"line":155,"column":6},"end":{"line":155,"column":null}},"54":{"start":{"line":156,"column":6},"end":{"line":156,"column":null}},"55":{"start":{"line":157,"column":6},"end":{"line":157,"column":null}},"56":{"start":{"line":158,"column":6},"end":{"line":160,"column":null}},"57":{"start":{"line":163,"column":4},"end":{"line":163,"column":null}},"58":{"start":{"line":164,"column":4},"end":{"line":164,"column":null}}},"fnMap":{"0":{"name":"(anonymous_0)","decl":{"start":{"line":6,"column":2},"end":{"line":6,"column":14}},"loc":{"start":{"line":6,"column":31},"end":{"line":9,"column":null}},"line":6},"1":{"name":"(anonymous_1)","decl":{"start":{"line":22,"column":2},"end":{"line":22,"column":16}},"loc":{"start":{"line":22,"column":16},"end":{"line":24,"column":null}},"line":22},"2":{"name":"(anonymous_2)","decl":{"start":{"line":26,"column":2},"end":{"line":26,"column":null}},"loc":{"start":{"line":30,"column":24},"end":{"line":66,"column":null}},"line":30},"3":{"name":"(anonymous_3)","decl":{"start":{"line":68,"column":10},"end":{"line":68,"column":26}},"loc":{"start":{"line":68,"column":101},"end":{"line":74,"column":null}},"line":68},"4":{"name":"(anonymous_4)","decl":{"start":{"line":76,"column":10},"end":{"line":76,"column":20}},"loc":{"start":{"line":76,"column":92},"end":{"line":79,"column":null}},"line":76},"5":{"name":"(anonymous_5)","decl":{"start":{"line":81,"column":10},"end":{"line":81,"column":null}},"loc":{"start":{"line":86,"column":24},"end":{"line":117,"column":null}},"line":86},"6":{"name":"(anonymous_6)","decl":{"start":{"line":119,"column":10},"end":{"line":119,"column":null}},"loc":{"start":{"line":124,"column":24},"end":{"line":165,"column":null}},"line":124}},"branchMap":{"0":{"loc":{"start":{"line":49,"column":4},"end":{"line":65,"column":null}},"type":"switch","locations":[{"start":{"line":50,"column":6},"end":{"line":51,"column":null}},{"start":{"line":53,"column":6},"end":{"line":53,"column":null}},{"start":{"line":54,"column":6},"end":{"line":55,"column":null}},{"start":{"line":57,"column":6},"end":{"line":58,"column":null}},{"start":{"line":60,"column":6},"end":{"line":61,"column":null}},{"start":{"line":63,"column":6},"end":{"line":64,"column":null}}],"line":49},"1":{"loc":{"start":{"line":71,"column":22},"end":{"line":71,"column":null}},"type":"binary-expr","locations":[{"start":{"line":71,"column":22},"end":{"line":71,"column":50}},{"start":{"line":71,"column":50},"end":{"line":71,"column":null}}],"line":71},"2":{"loc":{"start":{"line":72,"column":31},"end":{"line":72,"column":null}},"type":"binary-expr","locations":[{"start":{"line":72,"column":31},"end":{"line":72,"column":68}},{"start":{"line":72,"column":68},"end":{"line":72,"column":null}}],"line":72},"3":{"loc":{"start":{"line":91,"column":4},"end":{"line":98,"column":null}},"type":"if","locations":[{"start":{"line":91,"column":4},"end":{"line":98,"column":null}},{"start":{"line":96,"column":11},"end":{"line":98,"column":null}}],"line":91},"4":{"loc":{"start":{"line":101,"column":4},"end":{"line":111,"column":null}},"type":"if","locations":[{"start":{"line":101,"column":4},"end":{"line":111,"column":null}},{"start":{"line":103,"column":11},"end":{"line":111,"column":null}}],"line":101},"5":{"loc":{"start":{"line":129,"column":4},"end":{"line":148,"column":null}},"type":"if","locations":[{"start":{"line":129,"column":4},"end":{"line":148,"column":null}},{"start":{"line":133,"column":4},"end":{"line":148,"column":null}}],"line":129},"6":{"loc":{"start":{"line":133,"column":4},"end":{"line":148,"column":null}},"type":"if","locations":[{"start":{"line":133,"column":4},"end":{"line":148,"column":null}},{"start":{"line":136,"column":11},"end":{"line":148,"column":null}}],"line":133},"7":{"loc":{"start":{"line":138,"column":6},"end":{"line":147,"column":null}},"type":"if","locations":[{"start":{"line":138,"column":6},"end":{"line":147,"column":null}},{"start":{"line":144,"column":13},"end":{"line":147,"column":null}}],"line":138},"8":{"loc":{"start":{"line":151,"column":4},"end":{"line":161,"column":null}},"type":"if","locations":[{"start":{"line":151,"column":4},"end":{"line":161,"column":null}},{"start":{"line":153,"column":11},"end":{"line":161,"column":null}}],"line":151}},"s":{"0":3,"1":3,"2":19,"3":22,"4":22,"5":22,"6":22,"7":11,"8":5,"9":3,"10":3,"11":0,"12":22,"13":22,"14":11,"15":11,"16":5,"17":5,"18":5,"19":4,"20":4,"21":4,"22":4,"23":1,"24":5,"25":1,"26":4,"27":4,"28":4,"29":4,"30":4,"31":5,"32":5,"33":5,"34":3,"35":3,"36":3,"37":1,"38":1,"39":1,"40":2,"41":1,"42":1,"43":0,"44":0,"45":0,"46":0,"47":0,"48":1,"49":1,"50":3,"51":0,"52":3,"53":3,"54":3,"55":3,"56":3,"57":3,"58":3},"f":{"0":3,"1":19,"2":22,"3":22,"4":11,"5":5,"6":3},"b":{"0":[11,4,5,3,3,0],"1":[22,6],"2":[22,16],"3":[4,1],"4":[1,4],"5":[1,2],"6":[1,1],"7":[0,1],"8":[0,3]},"meta":{"lastBranch":9,"lastFunction":7,"lastStatement":59,"seen":{"f:6:2:6:14":0,"s:7:4:7:Infinity":0,"s:8:4:8:Infinity":1,"f:22:2:22:16":1,"s:23:4:23:Infinity":2,"f:26:2:26:Infinity":2,"s:31:23:31:Infinity":3,"s:32:25:32:Infinity":4,"s:34:39:47:Infinity":5,"b:50:6:51:Infinity:53:6:53:Infinity:54:6:55:Infinity:57:6:58:Infinity:60:6:61:Infinity:63:6:64:Infinity":0,"s:49:4:65:Infinity":6,"s:51:8:51:Infinity":7,"s:55:8:55:Infinity":8,"s:58:8:58:Infinity":9,"s:61:8:61:Infinity":10,"s:64:8:64:Infinity":11,"f:68:10:68:26":3,"s:69:21:69:Infinity":12,"s:70:4:73:Infinity":13,"b:71:22:71:50:71:50:71:Infinity":1,"b:72:31:72:68:72:68:72:Infinity":2,"f:76:10:76:20":4,"s:77:4:77:Infinity":14,"s:78:4:78:Infinity":15,"f:81:10:81:Infinity":5,"s:87:23:87:Infinity":16,"s:88:21:88:Infinity":17,"b:91:4:98:Infinity:96:11:98:Infinity":3,"s:91:4:98:Infinity":18,"s:92:39:92:Infinity":19,"s:93:6:93:Infinity":20,"s:94:6:94:Infinity":21,"s:95:6:95:Infinity":22,"s:97:6:97:Infinity":23,"b:101:4:111:Infinity:103:11:111:Infinity":4,"s:101:4:111:Infinity":24,"s:102:6:102:Infinity":25,"s:104:27:104:Infinity":26,"s:105:6:105:Infinity":27,"s:106:6:106:Infinity":28,"s:107:6:107:Infinity":29,"s:108:6:110:Infinity":30,"s:113:4:113:Infinity":31,"s:114:4:114:Infinity":32,"s:116:4:116:Infinity":33,"f:119:10:119:Infinity":6,"s:125:23:125:Infinity":34,"s:126:21:126:Infinity":35,"b:129:4:148:Infinity:133:4:148:Infinity":5,"s:129:4:148:Infinity":36,"s:130:6:130:Infinity":37,"s:131:6:131:Infinity":38,"s:132:6:132:Infinity":39,"b:133:4:148:Infinity:136:11:148:Infinity":6,"s:133:4:148:Infinity":40,"s:135:6:135:Infinity":41,"b:138:6:147:Infinity:144:13:147:Infinity":7,"s:138:6:147:Infinity":42,"s:139:41:139:Infinity":43,"s:140:8:140:Infinity":44,"s:141:8:141:Infinity":45,"s:142:8:142:Infinity":46,"s:143:8:143:Infinity":47,"s:145:8:145:Infinity":48,"s:146:8:146:Infinity":49,"b:151:4:161:Infinity:153:11:161:Infinity":8,"s:151:4:161:Infinity":50,"s:152:6:152:Infinity":51,"s:154:27:154:Infinity":52,"s:155:6:155:Infinity":53,"s:156:6:156:Infinity":54,"s:157:6:157:Infinity":55,"s:158:6:160:Infinity":56,"s:163:4:163:Infinity":57,"s:164:4:164:Infinity":58}}}
,"/home/nail/Documents/Projects/TradeLab/Tradelab/backend/src/calc/duty/DutyVatCalculator.ts": {"path":"/home/nail/Documents/Projects/TradeLab/Tradelab/backend/src/calc/duty/DutyVatCalculator.ts","statementMap":{"0":{"start":{"line":33,"column":12},"end":{"line":33,"column":null}},"1":{"start":{"line":34,"column":12},"end":{"line":34,"column":null}},"2":{"start":{"line":35,"column":12},"end":{"line":35,"column":null}},"3":{"start":{"line":43,"column":34},"end":{"line":61,"column":null}},"4":{"start":{"line":64,"column":26},"end":{"line":64,"column":null}},"5":{"start":{"line":65,"column":4},"end":{"line":68,"column":null}},"6":{"start":{"line":66,"column":6},"end":{"line":66,"column":null}},"7":{"start":{"line":67,"column":6},"end":{"line":67,"column":null}},"8":{"start":{"line":70,"column":4},"end":{"line":73,"column":null}},"9":{"start":{"line":71,"column":6},"end":{"line":71,"column":null}},"10":{"start":{"line":72,"column":6},"end":{"line":72,"column":null}},"11":{"start":{"line":76,"column":44},"end":{"line":76,"column":null}},"12":{"start":{"line":77,"column":18},"end":{"line":77,"column":null}},"13":{"start":{"line":78,"column":18},"end":{"line":78,"column":null}},"14":{"start":{"line":79,"column":20},"end":{"line":79,"column":null}},"15":{"start":{"line":81,"column":4},"end":{"line":141,"column":null}},"16":{"start":{"line":82,"column":6},"end":{"line":140,"column":null}},"17":{"start":{"line":83,"column":27},"end":{"line":83,"column":null}},"18":{"start":{"line":85,"column":8},"end":{"line":89,"column":null}},"19":{"start":{"line":86,"column":10},"end":{"line":86,"column":null}},"20":{"start":{"line":87,"column":10},"end":{"line":87,"column":null}},"21":{"start":{"line":88,"column":10},"end":{"line":88,"column":null}},"22":{"start":{"line":91,"column":26},"end":{"line":95,"column":null}},"23":{"start":{"line":97,"column":41},"end":{"line":101,"column":null}},"24":{"start":{"line":104,"column":8},"end":{"line":112,"column":null}},"25":{"start":{"line":105,"column":10},"end":{"line":105,"column":null}},"26":{"start":{"line":106,"column":8},"end":{"line":112,"column":null}},"27":{"start":{"line":107,"column":10},"end":{"line":111,"column":null}},"28":{"start":{"line":114,"column":8},"end":{"line":114,"column":null}},"29":{"start":{"line":115,"column":8},"end":{"line":115,"column":null}},"30":{"start":{"line":116,"column":8},"end":{"line":116,"column":null}},"31":{"start":{"line":118,"column":8},"end":{"line":120,"column":null}},"32":{"start":{"line":119,"column":10},"end":{"line":119,"column":null}},"33":{"start":{"line":122,"column":8},"end":{"line":126,"column":null}},"34":{"start":{"line":128,"column":8},"end":{"line":130,"column":null}},"35":{"start":{"line":129,"column":10},"end":{"line":129,"column":null}},"36":{"start":{"line":133,"column":8},"end":{"line":139,"column":null}},"37":{"start":{"line":134,"column":10},"end":{"line":134,"column":null}},"38":{"start":{"line":135,"column":10},"end":{"line":135,"column":null}},"39":{"start":{"line":137,"column":10},"end":{"line":137,"column":null}},"40":{"start":{"line":138,"column":10},"end":{"line":138,"column":null}},"41":{"start":{"line":143,"column":4},"end":{"line":149,"column":null}},"42":{"start":{"line":144,"column":6},"end":{"line":147,"column":null}},"43":{"start":{"line":145,"column":8},"end":{"line":145,"column":null}},"44":{"start":{"line":146,"column":8},"end":{"line":146,"column":null}},"45":{"start":{"line":148,"column":6},"end":{"line":148,"column":null}},"46":{"start":{"line":151,"column":4},"end":{"line":151,"column":null}},"47":{"start":{"line":152,"column":4},"end":{"line":152,"column":null}},"48":{"start":{"line":155,"column":22},"end":{"line":160,"column":null}},"49":{"start":{"line":162,"column":4},"end":{"line":162,"column":null}},"50":{"start":{"line":163,"column":4},"end":{"line":163,"column":null}},"51":{"start":{"line":164,"column":4},"end":{"line":164,"column":null}},"52":{"start":{"line":166,"column":4},"end":{"line":169,"column":null}},"53":{"start":{"line":167,"column":6},"end":{"line":167,"column":null}},"54":{"start":{"line":168,"column":6},"end":{"line":168,"column":null}},"55":{"start":{"line":172,"column":4},"end":{"line":175,"column":null}},"56":{"start":{"line":178,"column":4},"end":{"line":178,"column":null}},"57":{"start":{"line":180,"column":4},"end":{"line":180,"column":null}},"58":{"start":{"line":188,"column":37},"end":{"line":188,"column":null}},"59":{"start":{"line":190,"column":4},"end":{"line":240,"column":null}},"60":{"start":{"line":192,"column":24},"end":{"line":192,"column":null}},"61":{"start":{"line":193,"column":24},"end":{"line":193,"column":null}},"62":{"start":{"line":194,"column":8},"end":{"line":194,"column":null}},"63":{"start":{"line":199,"column":8},"end":{"line":201,"column":null}},"64":{"start":{"line":200,"column":10},"end":{"line":200,"column":null}},"65":{"start":{"line":203,"column":8},"end":{"line":205,"column":null}},"66":{"start":{"line":204,"column":10},"end":{"line":204,"column":null}},"67":{"start":{"line":207,"column":26},"end":{"line":207,"column":null}},"68":{"start":{"line":208,"column":21},"end":{"line":208,"column":null}},"69":{"start":{"line":209,"column":8},"end":{"line":209,"column":null}},"70":{"start":{"line":213,"column":31},"end":{"line":217,"column":null}},"71":{"start":{"line":218,"column":30},"end":{"line":222,"column":null}},"72":{"start":{"line":223,"column":8},"end":{"line":226,"column":null}},"73":{"start":{"line":230,"column":23},"end":{"line":232,"column":null}},"74":{"start":{"line":231,"column":10},"end":{"line":231,"column":null}},"75":{"start":{"line":233,"column":24},"end":{"line":233,"column":null}},"76":{"start":{"line":233,"column":52},"end":{"line":233,"column":56}},"77":{"start":{"line":234,"column":24},"end":{"line":234,"column":null}},"78":{"start":{"line":234,"column":52},"end":{"line":234,"column":56}},"79":{"start":{"line":235,"column":8},"end":{"line":235,"column":null}},"80":{"start":{"line":239,"column":8},"end":{"line":239,"column":null}},"81":{"start":{"line":259,"column":19},"end":{"line":269,"column":null}},"82":{"start":{"line":271,"column":4},"end":{"line":276,"column":null}},"83":{"start":{"line":272,"column":6},"end":{"line":272,"column":null}},"84":{"start":{"line":273,"column":6},"end":{"line":273,"column":null}},"85":{"start":{"line":274,"column":6},"end":{"line":274,"column":null}},"86":{"start":{"line":275,"column":6},"end":{"line":275,"column":null}},"87":{"start":{"line":279,"column":23},"end":{"line":279,"column":null}},"88":{"start":{"line":280,"column":26},"end":{"line":282,"column":null}},"89":{"start":{"line":281,"column":11},"end":{"line":281,"column":null}},"90":{"start":{"line":284,"column":4},"end":{"line":288,"column":null}},"91":{"start":{"line":285,"column":6},"end":{"line":285,"column":null}},"92":{"start":{"line":286,"column":6},"end":{"line":286,"column":null}},"93":{"start":{"line":287,"column":6},"end":{"line":287,"column":null}},"94":{"start":{"line":290,"column":20},"end":{"line":290,"column":null}},"95":{"start":{"line":291,"column":4},"end":{"line":291,"column":null}},"96":{"start":{"line":294,"column":23},"end":{"line":294,"column":null}},"97":{"start":{"line":295,"column":23},"end":{"line":295,"column":null}},"98":{"start":{"line":297,"column":4},"end":{"line":297,"column":null}},"99":{"start":{"line":298,"column":4},"end":{"line":298,"column":null}},"100":{"start":{"line":299,"column":4},"end":{"line":299,"column":null}},"101":{"start":{"line":300,"column":4},"end":{"line":304,"column":null}},"102":{"start":{"line":306,"column":4},"end":{"line":306,"column":null}}},"fnMap":{"0":{"name":"(anonymous_0)","decl":{"start":{"line":32,"column":2},"end":{"line":32,"column":null}},"loc":{"start":{"line":36,"column":4},"end":{"line":36,"column":null}},"line":36},"1":{"name":"(anonymous_1)","decl":{"start":{"line":38,"column":8},"end":{"line":38,"column":null}},"loc":{"start":{"line":42,"column":28},"end":{"line":181,"column":null}},"line":42},"2":{"name":"(anonymous_2)","decl":{"start":{"line":183,"column":10},"end":{"line":183,"column":null}},"loc":{"start":{"line":187,"column":22},"end":{"line":241,"column":null}},"line":187},"3":{"name":"(anonymous_3)","decl":{"start":{"line":230,"column":39},"end":{"line":230,"column":null}},"loc":{"start":{"line":231,"column":10},"end":{"line":231,"column":null}},"line":231},"4":{"name":"(anonymous_4)","decl":{"start":{"line":233,"column":47},"end":{"line":233,"column":52}},"loc":{"start":{"line":233,"column":52},"end":{"line":233,"column":56}},"line":233},"5":{"name":"(anonymous_5)","decl":{"start":{"line":234,"column":47},"end":{"line":234,"column":52}},"loc":{"start":{"line":234,"column":52},"end":{"line":234,"column":56}},"line":234},"6":{"name":"(anonymous_6)","decl":{"start":{"line":243,"column":16},"end":{"line":243,"column":null}},"loc":{"start":{"line":258,"column":5},"end":{"line":307,"column":null}},"line":258},"7":{"name":"(anonymous_7)","decl":{"start":{"line":281,"column":6},"end":{"line":281,"column":11}},"loc":{"start":{"line":281,"column":11},"end":{"line":281,"column":null}},"line":281}},"branchMap":{"0":{"loc":{"start":{"line":64,"column":26},"end":{"line":64,"column":null}},"type":"binary-expr","locations":[{"start":{"line":64,"column":26},"end":{"line":64,"column":64}},{"start":{"line":64,"column":64},"end":{"line":64,"column":null}}],"line":64},"1":{"loc":{"start":{"line":65,"column":4},"end":{"line":68,"column":null}},"type":"if","locations":[{"start":{"line":65,"column":4},"end":{"line":68,"column":null}},{"start":{},"end":{}}],"line":65},"2":{"loc":{"start":{"line":65,"column":8},"end":{"line":65,"column":64}},"type":"binary-expr","locations":[{"start":{"line":65,"column":8},"end":{"line":65,"column":42}},{"start":{"line":65,"column":42},"end":{"line":65,"column":64}}],"line":65},"3":{"loc":{"start":{"line":70,"column":4},"end":{"line":73,"column":null}},"type":"if","locations":[{"start":{"line":70,"column":4},"end":{"line":73,"column":null}},{"start":{},"end":{}}],"line":70},"4":{"loc":{"start":{"line":85,"column":8},"end":{"line":89,"column":null}},"type":"if","locations":[{"start":{"line":85,"column":8},"end":{"line":89,"column":null}},{"start":{},"end":{}}],"line":85},"5":{"loc":{"start":{"line":104,"column":8},"end":{"line":112,"column":null}},"type":"if","locations":[{"start":{"line":104,"column":8},"end":{"line":112,"column":null}},{"start":{"line":106,"column":8},"end":{"line":112,"column":null}}],"line":104},"6":{"loc":{"start":{"line":106,"column":8},"end":{"line":112,"column":null}},"type":"if","locations":[{"start":{"line":106,"column":8},"end":{"line":112,"column":null}},{"start":{},"end":{}}],"line":106},"7":{"loc":{"start":{"line":118,"column":8},"end":{"line":120,"column":null}},"type":"if","locations":[{"start":{"line":118,"column":8},"end":{"line":120,"column":null}},{"start":{},"end":{}}],"line":118},"8":{"loc":{"start":{"line":128,"column":8},"end":{"line":130,"column":null}},"type":"if","locations":[{"start":{"line":128,"column":8},"end":{"line":130,"column":null}},{"start":{},"end":{}}],"line":128},"9":{"loc":{"start":{"line":133,"column":8},"end":{"line":139,"column":null}},"type":"if","locations":[{"start":{"line":133,"column":8},"end":{"line":139,"column":null}},{"start":{"line":136,"column":15},"end":{"line":139,"column":null}}],"line":133},"10":{"loc":{"start":{"line":143,"column":4},"end":{"line":149,"column":null}},"type":"if","locations":[{"start":{"line":143,"column":4},"end":{"line":149,"column":null}},{"start":{},"end":{}}],"line":143},"11":{"loc":{"start":{"line":144,"column":6},"end":{"line":147,"column":null}},"type":"if","locations":[{"start":{"line":144,"column":6},"end":{"line":147,"column":null}},{"start":{},"end":{}}],"line":144},"12":{"loc":{"start":{"line":166,"column":4},"end":{"line":169,"column":null}},"type":"if","locations":[{"start":{"line":166,"column":4},"end":{"line":169,"column":null}},{"start":{},"end":{}}],"line":166},"13":{"loc":{"start":{"line":190,"column":4},"end":{"line":240,"column":null}},"type":"switch","locations":[{"start":{"line":191,"column":6},"end":{"line":195,"column":null}},{"start":{"line":197,"column":6},"end":{"line":210,"column":null}},{"start":{"line":212,"column":6},"end":{"line":227,"column":null}},{"start":{"line":229,"column":6},"end":{"line":236,"column":null}},{"start":{"line":238,"column":6},"end":{"line":239,"column":null}}],"line":190},"14":{"loc":{"start":{"line":199,"column":8},"end":{"line":201,"column":null}},"type":"if","locations":[{"start":{"line":199,"column":8},"end":{"line":201,"column":null}},{"start":{},"end":{}}],"line":199},"15":{"loc":{"start":{"line":203,"column":8},"end":{"line":205,"column":null}},"type":"if","locations":[{"start":{"line":203,"column":8},"end":{"line":205,"column":null}},{"start":{},"end":{}}],"line":203},"16":{"loc":{"start":{"line":203,"column":12},"end":{"line":203,"column":72}},"type":"binary-expr","locations":[{"start":{"line":203,"column":12},"end":{"line":203,"column":41}},{"start":{"line":203,"column":41},"end":{"line":203,"column":72}}],"line":203},"17":{"loc":{"start":{"line":271,"column":4},"end":{"line":276,"column":null}},"type":"if","locations":[{"start":{"line":271,"column":4},"end":{"line":276,"column":null}},{"start":{},"end":{}}],"line":271},"18":{"loc":{"start":{"line":281,"column":11},"end":{"line":281,"column":null}},"type":"binary-expr","locations":[{"start":{"line":281,"column":11},"end":{"line":281,"column":55}},{"start":{"line":281,"column":55},"end":{"line":281,"column":null}}],"line":281},"19":{"loc":{"start":{"line":284,"column":4},"end":{"line":288,"column":null}},"type":"if","locations":[{"start":{"line":284,"column":4},"end":{"line":288,"column":null}},{"start":{},"end":{}}],"line":284}},"s":{"0":21,"1":21,"2":21,"3":21,"4":21,"5":21,"6":4,"7":4,"8":21,"9":1,"10":1,"11":21,"12":21,"13":21,"14":21,"15":21,"16":20,"17":20,"18":18,"19":0,"20":0,"21":0,"22":18,"23":18,"24":18,"25":14,"26":3,"27":1,"28":17,"29":17,"30":17,"31":17,"32":1,"33":17,"34":17,"35":16,"36":3,"37":1,"38":1,"39":2,"40":2,"41":21,"42":5,"43":3,"44":3,"45":5,"46":16,"47":16,"48":16,"49":16,"50":16,"51":16,"52":16,"53":1,"54":1,"55":16,"56":16,"57":16,"58":22,"59":22,"60":16,"61":16,"62":16,"63":4,"64":1,"65":3,"66":0,"67":3,"68":3,"69":3,"70":1,"71":1,"72":1,"73":1,"74":2,"75":1,"76":2,"77":1,"78":2,"79":1,"80":0,"81":16,"82":16,"83":1,"84":1,"85":1,"86":1,"87":15,"88":15,"89":14,"90":15,"91":1,"92":1,"93":1,"94":14,"95":14,"96":14,"97":14,"98":14,"99":14,"100":14,"101":14,"102":14},"f":{"0":21,"1":21,"2":22,"3":2,"4":2,"5":2,"6":16,"7":14},"b":{"0":[21,2],"1":[4,17],"2":[21,19],"3":[1,20],"4":[0,18],"5":[14,3],"6":[1,2],"7":[1,16],"8":[16,1],"9":[1,2],"10":[5,16],"11":[3,2],"12":[1,15],"13":[16,4,1,1,0],"14":[1,3],"15":[0,3],"16":[3,3],"17":[1,15],"18":[14,14],"19":[1,14]},"meta":{"lastBranch":20,"lastFunction":8,"lastStatement":103,"seen":{"f:32:2:32:Infinity":0,"s:33:12:33:Infinity":0,"s:34:12:34:Infinity":1,"s:35:12:35:Infinity":2,"f:38:8:38:Infinity":1,"s:43:34:61:Infinity":3,"s:64:26:64:Infinity":4,"b:64:26:64:64:64:64:64:Infinity":0,"b:65:4:68:Infinity:undefined:undefined:undefined:undefined":1,"s:65:4:68:Infinity":5,"b:65:8:65:42:65:42:65:64":2,"s:66:6:66:Infinity":6,"s:67:6:67:Infinity":7,"b:70:4:73:Infinity:undefined:undefined:undefined:undefined":3,"s:70:4:73:Infinity":8,"s:71:6:71:Infinity":9,"s:72:6:72:Infinity":10,"s:76:44:76:Infinity":11,"s:77:18:77:Infinity":12,"s:78:18:78:Infinity":13,"s:79:20:79:Infinity":14,"s:81:4:141:Infinity":15,"s:82:6:140:Infinity":16,"s:83:27:83:Infinity":17,"b:85:8:89:Infinity:undefined:undefined:undefined:undefined":4,"s:85:8:89:Infinity":18,"s:86:10:86:Infinity":19,"s:87:10:87:Infinity":20,"s:88:10:88:Infinity":21,"s:91:26:95:Infinity":22,"s:97:41:101:Infinity":23,"b:104:8:112:Infinity:106:8:112:Infinity":5,"s:104:8:112:Infinity":24,"s:105:10:105:Infinity":25,"b:106:8:112:Infinity:undefined:undefined:undefined:undefined":6,"s:106:8:112:Infinity":26,"s:107:10:111:Infinity":27,"s:114:8:114:Infinity":28,"s:115:8:115:Infinity":29,"s:116:8:116:Infinity":30,"b:118:8:120:Infinity:undefined:undefined:undefined:undefined":7,"s:118:8:120:Infinity":31,"s:119:10:119:Infinity":32,"s:122:8:126:Infinity":33,"b:128:8:130:Infinity:undefined:undefined:undefined:undefined":8,"s:128:8:130:Infinity":34,"s:129:10:129:Infinity":35,"b:133:8:139:Infinity:136:15:139:Infinity":9,"s:133:8:139:Infinity":36,"s:134:10:134:Infinity":37,"s:135:10:135:Infinity":38,"s:137:10:137:Infinity":39,"s:138:10:138:Infinity":40,"b:143:4:149:Infinity:undefined:undefined:undefined:undefined":10,"s:143:4:149:Infinity":41,"b:144:6:147:Infinity:undefined:undefined:undefined:undefined":11,"s:144:6:147:Infinity":42,"s:145:8:145:Infinity":43,"s:146:8:146:Infinity":44,"s:148:6:148:Infinity":45,"s:151:4:151:Infinity":46,"s:152:4:152:Infinity":47,"s:155:22:160:Infinity":48,"s:162:4:162:Infinity":49,"s:163:4:163:Infinity":50,"s:164:4:164:Infinity":51,"b:166:4:169:Infinity:undefined:undefined:undefined:undefined":12,"s:166:4:169:Infinity":52,"s:167:6:167:Infinity":53,"s:168:6:168:Infinity":54,"s:172:4:175:Infinity":55,"s:178:4:178:Infinity":56,"s:180:4:180:Infinity":57,"f:183:10:183:Infinity":2,"s:188:37:188:Infinity":58,"b:191:6:195:Infinity:197:6:210:Infinity:212:6:227:Infinity:229:6:236:Infinity:238:6:239:Infinity":13,"s:190:4:240:Infinity":59,"s:192:24:192:Infinity":60,"s:193:24:193:Infinity":61,"s:194:8:194:Infinity":62,"b:199:8:201:Infinity:undefined:undefined:undefined:undefined":14,"s:199:8:201:Infinity":63,"s:200:10:200:Infinity":64,"b:203:8:205:Infinity:undefined:undefined:undefined:undefined":15,"s:203:8:205:Infinity":65,"b:203:12:203:41:203:41:203:72":16,"s:204:10:204:Infinity":66,"s:207:26:207:Infinity":67,"s:208:21:208:Infinity":68,"s:209:8:209:Infinity":69,"s:213:31:217:Infinity":70,"s:218:30:222:Infinity":71,"s:223:8:226:Infinity":72,"s:230:23:232:Infinity":73,"f:230:39:230:Infinity":3,"s:231:10:231:Infinity":74,"s:233:24:233:Infinity":75,"f:233:47:233:52":4,"s:233:52:233:56":76,"s:234:24:234:Infinity":77,"f:234:47:234:52":5,"s:234:52:234:56":78,"s:235:8:235:Infinity":79,"s:239:8:239:Infinity":80,"f:243:16:243:Infinity":6,"s:259:19:269:Infinity":81,"b:271:4:276:Infinity:undefined:undefined:undefined:undefined":17,"s:271:4:276:Infinity":82,"s:272:6:272:Infinity":83,"s:273:6:273:Infinity":84,"s:274:6:274:Infinity":85,"s:275:6:275:Infinity":86,"s:279:23:279:Infinity":87,"s:280:26:282:Infinity":88,"f:281:6:281:11":7,"s:281:11:281:Infinity":89,"b:281:11:281:55:281:55:281:Infinity":18,"b:284:4:288:Infinity:undefined:undefined:undefined:undefined":19,"s:284:4:288:Infinity":90,"s:285:6:285:Infinity":91,"s:286:6:286:Infinity":92,"s:287:6:287:Infinity":93,"s:290:20:290:Infinity":94,"s:291:4:291:Infinity":95,"s:294:23:294:Infinity":96,"s:295:23:295:Infinity":97,"s:297:4:297:Infinity":98,"s:298:4:298:Infinity":99,"s:299:4:299:Infinity":100,"s:300:4:304:Infinity":101,"s:306:4:306:Infinity":102}}}
,"/home/nail/Documents/Projects/TradeLab/Tradelab/backend/src/calc/duty/TariffLexer.ts": {"path":"/home/nail/Documents/Projects/TradeLab/Tradelab/backend/src/calc/duty/TariffLexer.ts","statementMap":{"0":{"start":{"line":8,"column":4},"end":{"line":8,"column":null}},"1":{"start":{"line":12,"column":23},"end":{"line":15,"column":null}},"2":{"start":{"line":17,"column":28},"end":{"line":17,"column":null}},"3":{"start":{"line":18,"column":14},"end":{"line":18,"column":null}},"4":{"start":{"line":20,"column":4},"end":{"line":76,"column":null}},"5":{"start":{"line":21,"column":24},"end":{"line":21,"column":null}},"6":{"start":{"line":24,"column":27},"end":{"line":24,"column":null}},"7":{"start":{"line":25,"column":6},"end":{"line":29,"column":null}},"8":{"start":{"line":26,"column":8},"end":{"line":26,"column":null}},"9":{"start":{"line":27,"column":8},"end":{"line":27,"column":null}},"10":{"start":{"line":28,"column":8},"end":{"line":28,"column":null}},"11":{"start":{"line":33,"column":30},"end":{"line":37,"column":null}},"12":{"start":{"line":35,"column":73},"end":{"line":35,"column":82}},"13":{"start":{"line":38,"column":28},"end":{"line":38,"column":null}},"14":{"start":{"line":39,"column":6},"end":{"line":48,"column":null}},"15":{"start":{"line":40,"column":8},"end":{"line":45,"column":null}},"16":{"start":{"line":46,"column":8},"end":{"line":46,"column":null}},"17":{"start":{"line":47,"column":8},"end":{"line":47,"column":null}},"18":{"start":{"line":51,"column":26},"end":{"line":51,"column":null}},"19":{"start":{"line":52,"column":6},"end":{"line":64,"column":null}},"20":{"start":{"line":53,"column":24},"end":{"line":53,"column":null}},"21":{"start":{"line":54,"column":8},"end":{"line":63,"column":null}},"22":{"start":{"line":55,"column":10},"end":{"line":59,"column":null}},"23":{"start":{"line":60,"column":10},"end":{"line":60,"column":null}},"24":{"start":{"line":61,"column":10},"end":{"line":61,"column":null}},"25":{"start":{"line":62,"column":10},"end":{"line":62,"column":null}},"26":{"start":{"line":65,"column":6},"end":{"line":65,"column":null}},"27":{"start":{"line":65,"column":25},"end":{"line":65,"column":null}},"28":{"start":{"line":68,"column":6},"end":{"line":71,"column":null}},"29":{"start":{"line":69,"column":8},"end":{"line":69,"column":null}},"30":{"start":{"line":70,"column":8},"end":{"line":70,"column":null}},"31":{"start":{"line":75,"column":6},"end":{"line":75,"column":null}},"32":{"start":{"line":78,"column":4},"end":{"line":78,"column":null}},"33":{"start":{"line":82,"column":18},"end":{"line":82,"column":null}},"34":{"start":{"line":82,"column":45},"end":{"line":82,"column":82}},"35":{"start":{"line":83,"column":4},"end":{"line":83,"column":null}}},"fnMap":{"0":{"name":"(anonymous_0)","decl":{"start":{"line":7,"column":2},"end":{"line":7,"column":16}},"loc":{"start":{"line":7,"column":16},"end":{"line":9,"column":null}},"line":7},"1":{"name":"(anonymous_1)","decl":{"start":{"line":11,"column":2},"end":{"line":11,"column":11}},"loc":{"start":{"line":11,"column":34},"end":{"line":79,"column":null}},"line":11},"2":{"name":"(anonymous_2)","decl":{"start":{"line":35,"column":68},"end":{"line":35,"column":73}},"loc":{"start":{"line":35,"column":73},"end":{"line":35,"column":82}},"line":35},"3":{"name":"(anonymous_3)","decl":{"start":{"line":81,"column":10},"end":{"line":81,"column":24}},"loc":{"start":{"line":81,"column":46},"end":{"line":84,"column":null}},"line":81},"4":{"name":"(anonymous_4)","decl":{"start":{"line":82,"column":40},"end":{"line":82,"column":45}},"loc":{"start":{"line":82,"column":45},"end":{"line":82,"column":82}},"line":82}},"branchMap":{"0":{"loc":{"start":{"line":25,"column":6},"end":{"line":29,"column":null}},"type":"if","locations":[{"start":{"line":25,"column":6},"end":{"line":29,"column":null}},{"start":{},"end":{}}],"line":25},"1":{"loc":{"start":{"line":39,"column":6},"end":{"line":48,"column":null}},"type":"if","locations":[{"start":{"line":39,"column":6},"end":{"line":48,"column":null}},{"start":{},"end":{}}],"line":39},"2":{"loc":{"start":{"line":54,"column":8},"end":{"line":63,"column":null}},"type":"if","locations":[{"start":{"line":54,"column":8},"end":{"line":63,"column":null}},{"start":{},"end":{}}],"line":54},"3":{"loc":{"start":{"line":58,"column":24},"end":{"line":58,"column":null}},"type":"binary-expr","locations":[{"start":{"line":58,"column":24},"end":{"line":58,"column":41}},{"start":{"line":58,"column":41},"end":{"line":58,"column":null}}],"line":58},"4":{"loc":{"start":{"line":65,"column":6},"end":{"line":65,"column":null}},"type":"if","locations":[{"start":{"line":65,"column":6},"end":{"line":65,"column":null}},{"start":{},"end":{}}],"line":65},"5":{"loc":{"start":{"line":68,"column":6},"end":{"line":71,"column":null}},"type":"if","locations":[{"start":{"line":68,"column":6},"end":{"line":71,"column":null}},{"start":{},"end":{}}],"line":68},"6":{"loc":{"start":{"line":83,"column":11},"end":{"line":83,"column":null}},"type":"cond-expr","locations":[{"start":{"line":83,"column":19},"end":{"line":83,"column":38}},{"start":{"line":83,"column":38},"end":{"line":83,"column":null}}],"line":83}},"s":{"0":5,"1":11,"2":11,"3":11,"4":11,"5":28,"6":28,"7":28,"8":10,"9":10,"10":10,"11":18,"12":126,"13":18,"14":18,"15":5,"16":5,"17":5,"18":13,"19":13,"20":35,"21":35,"22":4,"23":4,"24":4,"25":4,"26":13,"27":4,"28":9,"29":9,"30":9,"31":0,"32":11,"33":5,"34":10,"35":5},"f":{"0":5,"1":11,"2":126,"3":5,"4":10},"b":{"0":[10,18],"1":[5,13],"2":[4,31],"3":[4,3],"4":[4,9],"5":[9,0],"6":[5,0]},"meta":{"lastBranch":7,"lastFunction":5,"lastStatement":36,"seen":{"f:7:2:7:16":0,"s:8:4:8:Infinity":0,"f:11:2:11:11":1,"s:12:23:15:Infinity":1,"s:17:28:17:Infinity":2,"s:18:14:18:Infinity":3,"s:20:4:76:Infinity":4,"s:21:24:21:Infinity":5,"s:24:27:24:Infinity":6,"b:25:6:29:Infinity:undefined:undefined:undefined:undefined":0,"s:25:6:29:Infinity":7,"s:26:8:26:Infinity":8,"s:27:8:27:Infinity":9,"s:28:8:28:Infinity":10,"s:33:30:37:Infinity":11,"f:35:68:35:73":2,"s:35:73:35:82":12,"s:38:28:38:Infinity":13,"b:39:6:48:Infinity:undefined:undefined:undefined:undefined":1,"s:39:6:48:Infinity":14,"s:40:8:45:Infinity":15,"s:46:8:46:Infinity":16,"s:47:8:47:Infinity":17,"s:51:26:51:Infinity":18,"s:52:6:64:Infinity":19,"s:53:24:53:Infinity":20,"b:54:8:63:Infinity:undefined:undefined:undefined:undefined":2,"s:54:8:63:Infinity":21,"s:55:10:59:Infinity":22,"b:58:24:58:41:58:41:58:Infinity":3,"s:60:10:60:Infinity":23,"s:61:10:61:Infinity":24,"s:62:10:62:Infinity":25,"b:65:6:65:Infinity:undefined:undefined:undefined:undefined":4,"s:65:6:65:Infinity":26,"s:65:25:65:Infinity":27,"b:68:6:71:Infinity:undefined:undefined:undefined:undefined":5,"s:68:6:71:Infinity":28,"s:69:8:69:Infinity":29,"s:70:8:70:Infinity":30,"s:75:6:75:Infinity":31,"s:78:4:78:Infinity":32,"f:81:10:81:24":3,"s:82:18:82:Infinity":33,"f:82:40:82:45":4,"s:82:45:82:82":34,"s:83:4:83:Infinity":35,"b:83:19:83:38:83:38:83:Infinity":6}}}
,"/home/nail/Documents/Projects/TradeLab/Tradelab/backend/src/calc/duty/TariffParser.ts": {"path":"/home/nail/Documents/Projects/TradeLab/Tradelab/backend/src/calc/duty/TariffParser.ts","statementMap":{"0":{"start":{"line":9,"column":4},"end":{"line":9,"column":null}},"1":{"start":{"line":13,"column":19},"end":{"line":13,"column":null}},"2":{"start":{"line":15,"column":4},"end":{"line":17,"column":null}},"3":{"start":{"line":16,"column":6},"end":{"line":16,"column":null}},"4":{"start":{"line":20,"column":28},"end":{"line":20,"column":null}},"5":{"start":{"line":20,"column":45},"end":{"line":20,"column":82}},"6":{"start":{"line":21,"column":4},"end":{"line":23,"column":null}},"7":{"start":{"line":22,"column":6},"end":{"line":22,"column":null}},"8":{"start":{"line":25,"column":4},"end":{"line":25,"column":null}},"9":{"start":{"line":29,"column":21},"end":{"line":29,"column":null}},"10":{"start":{"line":29,"column":40},"end":{"line":29,"column":60}},"11":{"start":{"line":30,"column":22},"end":{"line":30,"column":null}},"12":{"start":{"line":30,"column":41},"end":{"line":30,"column":62}},"13":{"start":{"line":31,"column":22},"end":{"line":31,"column":null}},"14":{"start":{"line":31,"column":41},"end":{"line":31,"column":62}},"15":{"start":{"line":34,"column":4},"end":{"line":36,"column":null}},"16":{"start":{"line":35,"column":6},"end":{"line":35,"column":null}},"17":{"start":{"line":38,"column":19},"end":{"line":38,"column":null}},"18":{"start":{"line":41,"column":4},"end":{"line":43,"column":null}},"19":{"start":{"line":42,"column":6},"end":{"line":42,"column":null}},"20":{"start":{"line":46,"column":4},"end":{"line":59,"column":null}},"21":{"start":{"line":47,"column":6},"end":{"line":58,"column":null}},"22":{"start":{"line":62,"column":4},"end":{"line":73,"column":null}},"23":{"start":{"line":63,"column":6},"end":{"line":72,"column":null}},"24":{"start":{"line":76,"column":4},"end":{"line":78,"column":null}},"25":{"start":{"line":77,"column":6},"end":{"line":77,"column":null}},"26":{"start":{"line":81,"column":4},"end":{"line":88,"column":null}},"27":{"start":{"line":82,"column":6},"end":{"line":87,"column":null}},"28":{"start":{"line":90,"column":4},"end":{"line":90,"column":null}}},"fnMap":{"0":{"name":"(anonymous_0)","decl":{"start":{"line":8,"column":2},"end":{"line":8,"column":16}},"loc":{"start":{"line":8,"column":16},"end":{"line":10,"column":null}},"line":8},"1":{"name":"(anonymous_1)","decl":{"start":{"line":12,"column":2},"end":{"line":12,"column":8}},"loc":{"start":{"line":12,"column":30},"end":{"line":26,"column":null}},"line":12},"2":{"name":"(anonymous_2)","decl":{"start":{"line":20,"column":40},"end":{"line":20,"column":45}},"loc":{"start":{"line":20,"column":45},"end":{"line":20,"column":82}},"line":20},"3":{"name":"(anonymous_3)","decl":{"start":{"line":28,"column":10},"end":{"line":28,"column":26}},"loc":{"start":{"line":28,"column":52},"end":{"line":91,"column":null}},"line":28},"4":{"name":"(anonymous_4)","decl":{"start":{"line":29,"column":35},"end":{"line":29,"column":40}},"loc":{"start":{"line":29,"column":40},"end":{"line":29,"column":60}},"line":29},"5":{"name":"(anonymous_5)","decl":{"start":{"line":30,"column":36},"end":{"line":30,"column":41}},"loc":{"start":{"line":30,"column":41},"end":{"line":30,"column":62}},"line":30},"6":{"name":"(anonymous_6)","decl":{"start":{"line":31,"column":36},"end":{"line":31,"column":41}},"loc":{"start":{"line":31,"column":41},"end":{"line":31,"column":62}},"line":31}},"branchMap":{"0":{"loc":{"start":{"line":15,"column":4},"end":{"line":17,"column":null}},"type":"if","locations":[{"start":{"line":15,"column":4},"end":{"line":17,"column":null}},{"start":{},"end":{}}],"line":15},"1":{"loc":{"start":{"line":20,"column":45},"end":{"line":20,"column":82}},"type":"binary-expr","locations":[{"start":{"line":20,"column":45},"end":{"line":20,"column":70}},{"start":{"line":20,"column":70},"end":{"line":20,"column":82}}],"line":20},"2":{"loc":{"start":{"line":21,"column":4},"end":{"line":23,"column":null}},"type":"if","locations":[{"start":{"line":21,"column":4},"end":{"line":23,"column":null}},{"start":{},"end":{}}],"line":21},"3":{"loc":{"start":{"line":34,"column":4},"end":{"line":36,"column":null}},"type":"if","locations":[{"start":{"line":34,"column":4},"end":{"line":36,"column":null}},{"start":{},"end":{}}],"line":34},"4":{"loc":{"start":{"line":41,"column":4},"end":{"line":43,"column":null}},"type":"if","locations":[{"start":{"line":41,"column":4},"end":{"line":43,"column":null}},{"start":{},"end":{}}],"line":41},"5":{"loc":{"start":{"line":41,"column":8},"end":{"line":41,"column":49}},"type":"binary-expr","locations":[{"start":{"line":41,"column":8},"end":{"line":41,"column":28}},{"start":{"line":41,"column":28},"end":{"line":41,"column":49}}],"line":41},"6":{"loc":{"start":{"line":46,"column":4},"end":{"line":59,"column":null}},"type":"if","locations":[{"start":{"line":46,"column":4},"end":{"line":59,"column":null}},{"start":{},"end":{}}],"line":46},"7":{"loc":{"start":{"line":46,"column":8},"end":{"line":46,"column":73}},"type":"binary-expr","locations":[{"start":{"line":46,"column":8},"end":{"line":46,"column":28}},{"start":{"line":46,"column":28},"end":{"line":46,"column":51}},{"start":{"line":46,"column":51},"end":{"line":46,"column":73}}],"line":46},"8":{"loc":{"start":{"line":62,"column":4},"end":{"line":73,"column":null}},"type":"if","locations":[{"start":{"line":62,"column":4},"end":{"line":73,"column":null}},{"start":{},"end":{}}],"line":62},"9":{"loc":{"start":{"line":62,"column":8},"end":{"line":62,"column":73}},"type":"binary-expr","locations":[{"start":{"line":62,"column":8},"end":{"line":62,"column":28}},{"start":{"line":62,"column":28},"end":{"line":62,"column":51}},{"start":{"line":62,"column":51},"end":{"line":62,"column":73}}],"line":62},"10":{"loc":{"start":{"line":76,"column":4},"end":{"line":78,"column":null}},"type":"if","locations":[{"start":{"line":76,"column":4},"end":{"line":78,"column":null}},{"start":{},"end":{}}],"line":76},"11":{"loc":{"start":{"line":76,"column":8},"end":{"line":76,"column":55}},"type":"binary-expr","locations":[{"start":{"line":76,"column":8},"end":{"line":76,"column":31}},{"start":{"line":76,"column":31},"end":{"line":76,"column":55}}],"line":76},"12":{"loc":{"start":{"line":81,"column":4},"end":{"line":88,"column":null}},"type":"if","locations":[{"start":{"line":81,"column":4},"end":{"line":88,"column":null}},{"start":{},"end":{}}],"line":81},"13":{"loc":{"start":{"line":81,"column":8},"end":{"line":81,"column":55}},"type":"binary-expr","locations":[{"start":{"line":81,"column":8},"end":{"line":81,"column":32}},{"start":{"line":81,"column":32},"end":{"line":81,"column":55}}],"line":81}},"s":{"0":5,"1":11,"2":11,"3":0,"4":11,"5":18,"6":11,"7":1,"8":10,"9":10,"10":16,"11":10,"12":16,"13":10,"14":16,"15":10,"16":0,"17":10,"18":10,"19":1,"20":9,"21":1,"22":8,"23":1,"24":7,"25":5,"26":2,"27":2,"28":0},"f":{"0":5,"1":11,"2":18,"3":10,"4":16,"5":16,"6":16},"b":{"0":[0,11],"1":[18,4],"2":[1,10],"3":[0,10],"4":[1,9],"5":[10,2],"6":[1,8],"7":[9,1,1],"8":[1,7],"9":[8,1,1],"10":[5,2],"11":[7,5],"12":[2,0],"13":[2,2]},"meta":{"lastBranch":14,"lastFunction":7,"lastStatement":29,"seen":{"f:8:2:8:16":0,"s:9:4:9:Infinity":0,"f:12:2:12:8":1,"s:13:19:13:Infinity":1,"b:15:4:17:Infinity:undefined:undefined:undefined:undefined":0,"s:15:4:17:Infinity":2,"s:16:6:16:Infinity":3,"s:20:28:20:Infinity":4,"f:20:40:20:45":2,"s:20:45:20:82":5,"b:20:45:20:70:20:70:20:82":1,"b:21:4:23:Infinity:undefined:undefined:undefined:undefined":2,"s:21:4:23:Infinity":6,"s:22:6:22:Infinity":7,"s:25:4:25:Infinity":8,"f:28:10:28:26":3,"s:29:21:29:Infinity":9,"f:29:35:29:40":4,"s:29:40:29:60":10,"s:30:22:30:Infinity":11,"f:30:36:30:41":5,"s:30:41:30:62":12,"s:31:22:31:Infinity":13,"f:31:36:31:41":6,"s:31:41:31:62":14,"b:34:4:36:Infinity:undefined:undefined:undefined:undefined":3,"s:34:4:36:Infinity":15,"s:35:6:35:Infinity":16,"s:38:19:38:Infinity":17,"b:41:4:43:Infinity:undefined:undefined:undefined:undefined":4,"s:41:4:43:Infinity":18,"b:41:8:41:28:41:28:41:49":5,"s:42:6:42:Infinity":19,"b:46:4:59:Infinity:undefined:undefined:undefined:undefined":6,"s:46:4:59:Infinity":20,"b:46:8:46:28:46:28:46:51:46:51:46:73":7,"s:47:6:58:Infinity":21,"b:62:4:73:Infinity:undefined:undefined:undefined:undefined":8,"s:62:4:73:Infinity":22,"b:62:8:62:28:62:28:62:51:62:51:62:73":9,"s:63:6:72:Infinity":23,"b:76:4:78:Infinity:undefined:undefined:undefined:undefined":10,"s:76:4:78:Infinity":24,"b:76:8:76:31:76:31:76:55":11,"s:77:6:77:Infinity":25,"b:81:4:88:Infinity:undefined:undefined:undefined:undefined":12,"s:81:4:88:Infinity":26,"b:81:8:81:32:81:32:81:55":13,"s:82:6:87:Infinity":27,"s:90:4:90:Infinity":28}}}
[...]
l":{"start":{"line":265,"column":44},"end":{"line":265,"column":45}},"loc":{"start":{"line":265,"column":71},"end":{"line":265,"column":93}},"line":265},"4":{"name":"(anonymous_4)","decl":{"start":{"line":303,"column":10},"end":{"line":303,"column":null}},"loc":{"start":{"line":308,"column":31},"end":{"line":343,"column":null}},"line":308},"5":{"name":"(anonymous_5)","decl":{"start":{"line":310,"column":44},"end":{"line":310,"column":49}},"loc":{"start":{"line":310,"column":49},"end":{"line":310,"column":61}},"line":310},"6":{"name":"(anonymous_6)","decl":{"start":{"line":313,"column":50},"end":{"line":313,"column":55}},"loc":{"start":{"line":313,"column":55},"end":{"line":313,"column":78}},"line":313},"7":{"name":"(anonymous_7)","decl":{"start":{"line":314,"column":50},"end":{"line":314,"column":null}},"loc":{"start":{"line":315,"column":6},"end":{"line":315,"column":null}},"line":315},"8":{"name":"(anonymous_8)","decl":{"start":{"line":317,"column":53},"end":{"line":317,"column":null}},"loc":{"start":{"line":318,"column":6},"end":{"line":318,"column":null}},"line":318}},"branchMap":{"0":{"loc":{"start":{"line":47,"column":20},"end":{"line":52,"column":null}},"type":"cond-expr","locations":[{"start":{"line":47,"column":39},"end":{"line":52,"column":13}},{"start":{"line":52,"column":13},"end":{"line":52,"column":null}}],"line":47},"1":{"loc":{"start":{"line":49,"column":22},"end":{"line":49,"column":null}},"type":"binary-expr","locations":[{"start":{"line":49,"column":22},"end":{"line":49,"column":48}},{"start":{"line":49,"column":48},"end":{"line":49,"column":null}}],"line":49},"2":{"loc":{"start":{"line":111,"column":8},"end":{"line":112,"column":null}},"type":"binary-expr","locations":[{"start":{"line":111,"column":8},"end":{"line":111,"column":null}},{"start":{"line":112,"column":8},"end":{"line":112,"column":null}}],"line":111},"3":{"loc":{"start":{"line":116,"column":6},"end":{"line":122,"column":null}},"type":"if","locations":[{"start":{"line":116,"column":6},"end":{"line":122,"column":null}},{"start":{"line":118,"column":6},"end":{"line":122,"column":null}}],"line":116},"4":{"loc":{"start":{"line":118,"column":6},"end":{"line":122,"column":null}},"type":"if","locations":[{"start":{"line":118,"column":6},"end":{"line":122,"column":null}},{"start":{"line":120,"column":13},"end":{"line":122,"column":null}}],"line":118},"5":{"loc":{"start":{"line":118,"column":17},"end":{"line":118,"column":82}},"type":"binary-expr","locations":[{"start":{"line":118,"column":17},"end":{"line":118,"column":48}},{"start":{"line":118,"column":48},"end":{"line":118,"column":82}}],"line":118},"6":{"loc":{"start":{"line":158,"column":27},"end":{"line":158,"column":null}},"type":"cond-expr","locations":[{"start":{"line":158,"column":60},"end":{"line":158,"column":71}},{"start":{"line":158,"column":71},"end":{"line":158,"column":null}}],"line":158},"7":{"loc":{"start":{"line":176,"column":6},"end":{"line":249,"column":null}},"type":"if","locations":[{"start":{"line":176,"column":6},"end":{"line":249,"column":null}},{"start":{},"end":{}}],"line":176},"8":{"loc":{"start":{"line":261,"column":22},"end":{"line":261,"column":null}},"type":"binary-expr","locations":[{"start":{"line":261,"column":22},"end":{"line":261,"column":57}},{"start":{"line":261,"column":57},"end":{"line":261,"column":null}}],"line":261},"9":{"loc":{"start":{"line":262,"column":24},"end":{"line":262,"column":null}},"type":"binary-expr","locations":[{"start":{"line":262,"column":24},"end":{"line":262,"column":51}},{"start":{"line":262,"column":51},"end":{"line":262,"column":null}}],"line":262},"10":{"loc":{"start":{"line":274,"column":4},"end":{"line":278,"column":null}},"type":"if","locations":[{"start":{"line":274,"column":4},"end":{"line":278,"column":null}},{"start":{},"end":{}}],"line":274},"11":{"loc":{"start":{"line":275,"column":19},"end":{"line":275,"column":68}},"type":"cond-expr","locations":[{"start":{"line":275,"column":48},"end":{"line":275,"column":52}},{"start":{"line":275,"column":52},"end":{"line":275,"column":68}}],"line":275},"12":{"loc":{"start":{"line":276,"column":19},"end":{"line":276,"column":68}},"type":"cond-expr","locations":[{"start":{"line":276,"column":48},"end":{"line":276,"column":52}},{"start":{"line":276,"column":52},"end":{"line":276,"column":68}}],"line":276},"13":{"loc":{"start":{"line":283,"column":4},"end":{"line":287,"column":null}},"type":"if","locations":[{"start":{"line":283,"column":4},"end":{"line":287,"column":null}},{"start":{},"end":{}}],"line":283},"14":{"loc":{"start":{"line":309,"column":26},"end":{"line":311,"column":null}},"type":"cond-expr","locations":[{"start":{"line":310,"column":8},"end":{"line":310,"column":null}},{"start":{"line":311,"column":8},"end":{"line":311,"column":null}}],"line":309},"15":{"loc":{"start":{"line":315,"column":6},"end":{"line":315,"column":null}},"type":"binary-expr","locations":[{"start":{"line":315,"column":6},"end":{"line":315,"column":41}},{"start":{"line":315,"column":41},"end":{"line":315,"column":66}},{"start":{"line":315,"column":66},"end":{"line":315,"column":null}}],"line":315},"16":{"loc":{"start":{"line":318,"column":6},"end":{"line":318,"column":null}},"type":"binary-expr","locations":[{"start":{"line":318,"column":6},"end":{"line":318,"column":34}},{"start":{"line":318,"column":34},"end":{"line":318,"column":67}},{"start":{"line":318,"column":67},"end":{"line":318,"column":null}}],"line":318},"17":{"loc":{"start":{"line":322,"column":4},"end":{"line":330,"column":null}},"type":"if","locations":[{"start":{"line":322,"column":4},"end":{"line":330,"column":null}},{"start":{},"end":{}}],"line":322},"18":{"loc":{"start":{"line":323,"column":6},"end":{"line":327,"column":null}},"type":"binary-expr","locations":[{"start":{"line":323,"column":6},"end":{"line":323,"column":null}},{"start":{"line":324,"column":6},"end":{"line":324,"column":null}},{"start":{"line":325,"column":6},"end":{"line":325,"column":null}},{"start":{"line":326,"column":6},"end":{"line":326,"column":null}},{"start":{"line":327,"column":6},"end":{"line":327,"column":null}}],"line":323},"19":{"loc":{"start":{"line":333,"column":4},"end":{"line":339,"column":null}},"type":"if","locations":[{"start":{"line":333,"column":4},"end":{"line":339,"column":null}},{"start":{},"end":{}}],"line":333},"20":{"loc":{"start":{"line":334,"column":6},"end":{"line":336,"column":null}},"type":"binary-expr","locations":[{"start":{"line":334,"column":6},"end":{"line":334,"column":null}},{"start":{"line":335,"column":6},"end":{"line":335,"column":null}},{"start":{"line":336,"column":6},"end":{"line":336,"column":null}}],"line":334}},"s":{"0":10,"1":10,"2":10,"3":10,"4":10,"5":10,"6":13,"7":13,"8":13,"9":13,"10":13,"11":13,"12":13,"13":13,"14":11,"15":11,"16":11,"17":11,"18":11,"19":11,"20":13,"21":4,"22":7,"23":2,"24":5,"25":11,"26":11,"27":11,"28":2,"29":2,"30":2,"31":0,"32":11,"33":11,"34":11,"35":11,"36":11,"37":11,"38":0,"39":11,"40":11,"41":11,"42":9,"43":9,"44":9,"45":11,"46":11,"47":9,"48":9,"49":9,"50":11,"51":11,"52":9,"53":11,"54":9,"55":11,"56":2,"57":11,"58":17,"59":11,"60":4,"61":7,"62":6,"63":1},"f":{"0":10,"1":13,"2":11,"3":0,"4":11,"5":9,"6":9,"7":2,"8":17},"b":{"0":[11,2],"1":[11,9],"2":[11,7],"3":[4,7],"4":[2,5],"5":[7,6],"6":[9,2],"7":[2,0],"8":[11,2],"9":[11,7],"10":[9,2],"11":[8,1],"12":[8,1],"13":[9,2],"14":[9,2],"15":[2,2,2],"16":[17,16,16],"17":[4,7],"18":[11,7,7,6,5],"19":[6,1],"20":[7,3,3]},"meta":{"lastBranch":21,"lastFunction":9,"lastStatement":64,"seen":{"f:24:2:24:16":0,"s:25:4:25:Infinity":0,"s:26:4:26:Infinity":1,"s:27:4:27:Infinity":2,"s:28:4:28:Infinity":3,"s:29:4:33:Infinity":4,"s:34:4:34:Infinity":5,"f:37:8:37:16":1,"s:38:22:38:Infinity":6,"s:40:4:251:Infinity":7,"s:42:6:42:Infinity":8,"s:43:6:43:Infinity":9,"s:46:33:54:Infinity":10,"b:47:39:52:13:52:13:52:Infinity":0,"b:49:22:49:48:49:48:49:Infinity":1,"s:57:30:61:Infinity":11,"s:64:33:68:Infinity":12,"s:71:28:75:Infinity":13,"s:78:21:83:Infinity":14,"s:86:12:90:Infinity":15,"s:92:12:96:Infinity":16,"s:98:12:102:Infinity":17,"s:104:12:107:Infinity":18,"s:111:8:112:Infinity":19,"b:111:8:111:Infinity:112:8:112:Infinity":2,"b:116:6:122:Infinity:118:6:122:Infinity":3,"s:116:6:122:Infinity":20,"s:117:8:117:Infinity":21,"b:118:6:122:Infinity:120:13:122:Infinity":4,"s:118:6:122:Infinity":22,"b:118:17:118:48:118:48:118:82":5,"s:119:8:119:Infinity":23,"s:121:8:121:Infinity":24,"s:125:30:130:Infinity":25,"s:133:28:136:Infinity":26,"s:138:6:173:Infinity":27,"b:158:60:158:71:158:71:158:Infinity":6,"b:176:6:249:Infinity:undefined:undefined:undefined:undefined":7,"s:176:6:249:Infinity":28,"s:178:26:178:Infinity":29,"s:180:8:248:Infinity":30,"s:250:6:250:Infinity":31,"f:254:10:254:Infinity":2,"s:260:24:260:Infinity":32,"s:261:22:261:Infinity":33,"b:261:22:261:57:261:57:261:Infinity":8,"s:262:24:262:Infinity":34,"b:262:24:262:51:262:51:262:Infinity":9,"s:263:20:263:Infinity":35,"s:264:19:264:Infinity":36,"s:265:20:265:Infinity":37,"f:265:44:265:45":3,"s:265:71:265:93":38,"s:271:39:271:Infinity":39,"s:273:52:273:Infinity":40,"b:274:4:278:Infinity:undefined:undefined:undefined:undefined":10,"s:274:4:278:Infinity":41,"s:275:12:275:Infinity":42,"b:275:48:275:52:275:52:275:68":11,"s:276:12:276:Infinity":43,"b:276:48:276:52:276:52:276:68":12,"s:277:6:277:Infinity":44,"s:281:51:281:Infinity":45,"b:283:4:287:Infinity:undefined:undefined:undefined:undefined":13,"s:283:4:287:Infinity":46,"s:284:22:284:Infinity":47,"s:285:22:285:Infinity":48,"s:286:6:286:Infinity":49,"s:289:4:300:Infinity":50,"f:303:10:303:Infinity":4,"s:309:26:311:Infinity":51,"b:310:8:310:Infinity:311:8:311:Infinity":14,"f:310:44:310:49":5,"s:310:49:310:61":52,"s:313:25:313:Infinity":53,"f:313:50:313:55":6,"s:313:55:313:78":54,"s:314:31:316:Infinity":55,"f:314:50:314:Infinity":7,"s:315:6:315:Infinity":56,"b:315:6:315:41:315:41:315:66:315:66:315:Infinity":15,"s:317:36:319:Infinity":57,"f:317:53:317:Infinity":8,"s:318:6:318:Infinity":58,"b:318:6:318:34:318:34:318:67:318:67:318:Infinity":16,"b:322:4:330:Infinity:undefined:undefined:undefined:undefined":17,"s:322:4:330:Infinity":59,"b:323:6:323:Infinity:324:6:324:Infinity:325:6:325:Infinity:326:6:326:Infinity:327:6:327:Infinity":18,"s:329:6:329:Infinity":60,"b:333:4:339:Infinity:undefined:undefined:undefined:undefined":19,"s:333:4:339:Infinity":61,"b:334:6:334:Infinity:335:6:335:Infinity:336:6:336:Infinity":20,"s:338:6:338:Infinity":62,"s:342:4:342:Infinity":63}}}
,"/home/nail/Documents/Projects/TradeLab/Tradelab/backend/src/calc/orchestrator/aggregate.ts": {"path":"/home/nail/Documents/Projects/TradeLab/Tradelab/backend/src/calc/orchestrator/aggregate.ts","statementMap":{"0":{"start":{"line":7,"column":15},"end":{"line":7,"column":null}},"1":{"start":{"line":8,"column":27},"end":{"line":8,"column":null}},"2":{"start":{"line":10,"column":2},"end":{"line":18,"column":null}},"3":{"start":{"line":11,"column":4},"end":{"line":17,"column":null}},"4":{"start":{"line":12,"column":18},"end":{"line":12,"column":null}},"5":{"start":{"line":13,"column":6},"end":{"line":16,"column":null}},"6":{"start":{"line":14,"column":8},"end":{"line":14,"column":null}},"7":{"start":{"line":15,"column":8},"end":{"line":15,"column":null}},"8":{"start":{"line":20,"column":2},"end":{"line":20,"column":null}},"9":{"start":{"line":27,"column":15},"end":{"line":27,"column":null}},"10":{"start":{"line":28,"column":27},"end":{"line":28,"column":null}},"11":{"start":{"line":30,"column":2},"end":{"line":37,"column":null}},"12":{"start":{"line":31,"column":4},"end":{"line":36,"column":null}},"13":{"start":{"line":32,"column":6},"end":{"line":35,"column":null}},"14":{"start":{"line":33,"column":8},"end":{"line":33,"column":null}},"15":{"start":{"line":34,"column":8},"end":{"line":34,"column":null}},"16":{"start":{"line":39,"column":2},"end":{"line":39,"column":null}},"17":{"start":{"line":46,"column":15},"end":{"line":46,"column":null}},"18":{"start":{"line":47,"column":27},"end":{"line":47,"column":null}},"19":{"start":{"line":49,"column":2},"end":{"line":56,"column":null}},"20":{"start":{"line":50,"column":4},"end":{"line":55,"column":null}},"21":{"start":{"line":51,"column":6},"end":{"line":54,"column":null}},"22":{"start":{"line":52,"column":8},"end":{"line":52,"column":null}},"23":{"start":{"line":53,"column":8},"end":{"line":53,"column":null}},"24":{"start":{"line":58,"column":2},"end":{"line":58,"column":null}},"25":{"start":{"line":65,"column":15},"end":{"line":65,"column":null}},"26":{"start":{"line":66,"column":27},"end":{"line":66,"column":null}},"27":{"start":{"line":68,"column":2},"end":{"line":75,"column":null}},"28":{"start":{"line":69,"column":4},"end":{"line":74,"column":null}},"29":{"start":{"line":70,"column":6},"end":{"line":73,"column":null}},"30":{"start":{"line":71,"column":8},"end":{"line":71,"column":null}},"31":{"start":{"line":72,"column":8},"end":{"line":72,"column":null}},"32":{"start":{"line":77,"column":2},"end":{"line":77,"column":null}}},"fnMap":{"0":{"name":"aggregateSources","decl":{"start":{"line":6,"column":16},"end":{"line":6,"column":33}},"loc":{"start":{"line":6,"column":70},"end":{"line":21,"column":null}},"line":6},"1":{"name":"aggregateAssumptions","decl":{"start":{"line":26,"column":16},"end":{"line":26,"column":37}},"loc":{"start":{"line":26,"column":78},"end":{"line":40,"column":null}},"line":26},"2":{"name":"aggregateMissingInputs","decl":{"start":{"line":45,"column":16},"end":{"line":45,"column":39}},"loc":{"start":{"line":45,"column":82},"end":{"line":59,"column":null}},"line":45},"3":{"name":"aggregateEscalationReasons","decl":{"start":{"line":64,"column":16},"end":{"line":64,"column":43}},"loc":{"start":{"line":64,"column":80},"end":{"line":78,"column":null}},"line":64}},"branchMap":{"0":{"loc":{"start":{"line":12,"column":50},"end":{"line":12,"column":70}},"type":"binary-expr","locations":[{"start":{"line":12,"column":50},"end":{"line":12,"column":68}},{"start":{"line":12,"column":68},"end":{"line":12,"column":70}}],"line":12},"1":{"loc":{"start":{"line":12,"column":74},"end":{"line":12,"column":91}},"type":"binary-expr","locations":[{"start":{"line":12,"column":74},"end":{"line":12,"column":89}},{"start":{"line":12,"column":89},"end":{"line":12,"column":91}}],"line":12},"2":{"loc":{"start":{"line":13,"column":6},"end":{"line":16,"column":null}},"type":"if","locations":[{"start":{"line":13,"column":6},"end":{"line":16,"column":null}},{"start":{},"end":{}}],"line":13},"3":{"loc":{"start":{"line":32,"column":6},"end":{"line":35,"column":null}},"type":"if","locations":[{"start":{"line":32,"column":6},"end":{"line":35,"column":null}},{"start":{},"end":{}}],"line":32},"4":{"loc":{"start":{"line":51,"column":6},"end":{"line":54,"column":null}},"type":"if","locations":[{"start":{"line":51,"column":6},"end":{"line":54,"column":null}},{"start":{},"end":{}}],"line":51},"5":{"loc":{"start":{"line":70,"column":6},"end":{"line":73,"column":null}},"type":"if","locations":[{"start":{"line":70,"column":6},"end":{"line":73,"column":null}},{"start":{},"end":{}}],"line":70}},"s":{"0":11,"1":11,"2":11,"3":33,"4":27,"5":27,"6":27,"7":27,"8":11,"9":11,"10":11,"11":11,"12":33,"13":21,"14":21,"15":21,"16":11,"17":11,"18":11,"19":11,"20":33,"21":2,"22":2,"23":2,"24":11,"25":11,"26":11,"27":11,"28":22,"29":6,"30":6,"31":6,"32":11},"f":{"0":11,"1":11,"2":11,"3":11},"b":{"0":[27,2],"1":[27,27],"2":[27,0],"3":[21,0],"4":[2,0],"5":[6,0]},"meta":{"lastBranch":6,"lastFunction":4,"lastStatement":33,"seen":{"f:6:16:6:33":0,"s:7:15:7:Infinity":0,"s:8:27:8:Infinity":1,"s:10:2:18:Infinity":2,"s:11:4:17:Infinity":3,"s:12:18:12:Infinity":4,"b:12:50:12:68:12:68:12:70":0,"b:12:74:12:89:12:89:12:91":1,"b:13:6:16:Infinity:undefined:undefined:undefined:undefined":2,"s:13:6:16:Infinity":5,"s:14:8:14:Infinity":6,"s:15:8:15:Infinity":7,"s:20:2:20:Infinity":8,"f:26:16:26:37":1,"s:27:15:27:Infinity":9,"s:28:27:28:Infinity":10,"s:30:2:37:Infinity":11,"s:31:4:36:Infinity":12,"b:32:6:35:Infinity:undefined:undefined:undefined:undefined":3,"s:32:6:35:Infinity":13,"s:33:8:33:Infinity":14,"s:34:8:34:Infinity":15,"s:39:2:39:Infinity":16,"f:45:16:45:39":2,"s:46:15:46:Infinity":17,"s:47:27:47:Infinity":18,"s:49:2:56:Infinity":19,"s:50:4:55:Infinity":20,"b:51:6:54:Infinity:undefined:undefined:undefined:undefined":4,"s:51:6:54:Infinity":21,"s:52:8:52:Infinity":22,"s:53:8:53:Infinity":23,"s:58:2:58:Infinity":24,"f:64:16:64:43":3,"s:65:15:65:Infinity":25,"s:66:27:66:Infinity":26,"s:68:2:75:Infinity":27,"s:69:4:74:Infinity":28,"b:70:6:73:Infinity:undefined:undefined:undefined:undefined":5,"s:70:6:73:Infinity":29,"s:71:8:71:Infinity":30,"s:72:8:72:Infinity":31,"s:77:2:77:Infinity":32}}}
,"/home/nail/Documents/Projects/TradeLab/Tradelab/backend/src/calc/validators/validateForCalculation.ts": {"path":"/home/nail/Documents/Projects/TradeLab/Tradelab/backend/src/calc/validators/validateForCalculation.ts","statementMap":{"0":{"start":{"line":9,"column":28},"end":{"line":9,"column":null}},"1":{"start":{"line":12,"column":2},"end":{"line":14,"column":null}},"2":{"start":{"line":13,"column":4},"end":{"line":13,"column":null}},"3":{"start":{"line":16,"column":2},"end":{"line":18,"column":null}},"4":{"start":{"line":17,"column":4},"end":{"line":17,"column":null}},"5":{"start":{"line":20,"column":2},"end":{"line":22,"column":null}},"6":{"start":{"line":21,"column":4},"end":{"line":21,"column":null}},"7":{"start":{"line":24,"column":2},"end":{"line":26,"column":null}},"8":{"start":{"line":25,"column":4},"end":{"line":25,"column":null}},"9":{"start":{"line":33,"column":2},"end":{"line":35,"column":null}},"10":{"start":{"line":34,"column":4},"end":{"line":34,"column":null}},"11":{"start":{"line":37,"column":2},"end":{"line":37,"column":null}}},"fnMap":{"0":{"name":"validateForCalculation","decl":{"start":{"line":8,"column":16},"end":{"line":8,"column":39}},"loc":{"start":{"line":8,"column":81},"end":{"line":38,"column":null}},"line":8}},"branchMap":{"0":{"loc":{"start":{"line":12,"column":2},"end":{"line":14,"column":null}},"type":"if","locations":[{"start":{"line":12,"column":2},"end":{"line":14,"column":null}},{"start":{},"end":{}}],"line":12},"1":{"loc":{"start":{"line":16,"column":2},"end":{"line":18,"column":null}},"type":"if","locations":[{"start":{"line":16,"column":2},"end":{"line":18,"column":null}},{"start":{},"end":{}}],"line":16},"2":{"loc":{"start":{"line":20,"column":2},"end":{"line":22,"column":null}},"type":"if","locations":[{"start":{"line":20,"column":2},"end":{"line":22,"column":null}},{"start":{},"end":{}}],"line":20},"3":{"loc":{"start":{"line":20,"column":6},"end":{"line":20,"column":77}},"type":"binary-expr","locations":[{"start":{"line":20,"column":6},"end":{"line":20,"column":50}},{"start":{"line":20,"column":50},"end":{"line":20,"column":77}}],"line":20},"4":{"loc":{"start":{"line":24,"column":2},"end":{"line":26,"column":null}},"type":"if","locations":[{"start":{"line":24,"column":2},"end":{"line":26,"column":null}},{"start":{},"end":{}}],"line":24},"5":{"loc":{"start":{"line":33,"column":2},"end":{"line":35,"column":null}},"type":"if","locations":[{"start":{"line":33,"column":2},"end":{"line":35,"column":null}},{"start":{},"end":{}}],"line":33}},"s":{"0":8,"1":8,"2":3,"3":8,"4":3,"5":8,"6":4,"7":8,"8":3,"9":8,"10":5,"11":3},"f":{"0":8},"b":{"0":[3,5],"1":[3,5],"2":[4,4],"3":[8,5],"4":[3,5],"5":[5,3]},"meta":{"lastBranch":6,"lastFunction":1,"lastStatement":12,"seen":{"f:8:16:8:39":0,"s:9:28:9:Infinity":0,"b:12:2:14:Infinity:undefined:undefined:undefined:undefined":0,"s:12:2:14:Infinity":1,"s:13:4:13:Infinity":2,"b:16:2:18:Infinity:undefined:undefined:undefined:undefined":1,"s:16:2:18:Infinity":3,"s:17:4:17:Infinity":4,"b:20:2:22:Infinity:undefined:undefined:undefined:undefined":2,"s:20:2:22:Infinity":5,"b:20:6:20:50:20:50:20:77":3,"s:21:4:21:Infinity":6,"b:24:2:26:Infinity:undefined:undefined:undefined:undefined":4,"s:24:2:26:Infinity":7,"s:25:4:25:Infinity":8,"b:33:2:35:Infinity:undefined:undefined:undefined:undefined":5,"s:33:2:35:Infinity":9,"s:34:4:34:Infinity":10,"s:37:2:37:Infinity":11}}}
}
